#
# There is insufficient memory for the Java Runtime Environment to continue.
# Native memory allocation (malloc) failed to allocate 1756976 bytes for Chunk::new
# Possible reasons:
#   The system is out of physical RAM or swap space
#   The process is running with CompressedOops enabled, and the Java Heap may be blocking the growth of the native heap
# Possible solutions:
#   Reduce memory load on the system
#   Increase physical memory or swap space
#   Check if swap backing store is full
#   Decrease Java heap size (-Xmx/-Xms)
#   Decrease number of Java threads
#   Decrease Java thread stack sizes (-Xss)
#   Set larger code cache with -XX:ReservedCodeCacheSize=
#   JVM is running with Unscaled Compressed Oops mode in which the Java heap is
#     placed in the first 4GB address space. The Java Heap base address is the
#     maximum limit for the native heap growth. Please use -XX:HeapBaseMinAddress
#     to set the Java Heap base and to place the Java Heap above 4GB virtual address.
# This output file may be truncated or incomplete.
#
#  Out of Memory Error (arena.cpp:189), pid=11580, tid=13952
#
# JRE version: OpenJDK Runtime Environment (17.0.6) (build 17.0.6+0-b2043.56-9586694)
# Java VM: OpenJDK 64-Bit Server VM (17.0.6+0-b2043.56-9586694, mixed mode, tiered, compressed oops, compressed class ptrs, g1 gc, windows-amd64)
# No core dump will be written. Minidumps are not enabled by default on client versions of Windows
#

---------------  S U M M A R Y ------------

Command Line: --add-opens=java.base/java.util=ALL-UNNAMED --add-opens=java.base/java.lang=ALL-UNNAMED --add-opens=java.base/java.lang.invoke=ALL-UNNAMED --add-opens=java.prefs/java.util.prefs=ALL-UNNAMED --add-opens=java.base/java.nio.charset=ALL-UNNAMED --add-opens=java.base/java.net=ALL-UNNAMED --add-opens=java.base/java.util.concurrent.atomic=ALL-UNNAMED -Xmx2048m -Dfile.encoding=UTF-8 -Duser.country=419 -Duser.language=es -Duser.variant org.gradle.launcher.daemon.bootstrap.GradleDaemon 8.0

Host: AMD A8-6410 APU with AMD Radeon R5 Graphics    , 4 cores, 6G,  Windows 10 , 64 bit Build 19041 (10.0.19041.2913)
Time: Thu Jun  8 02:31:02 2023 Hora est. Pacífico, Sudamérica elapsed time: 135.107351 seconds (0d 0h 2m 15s)

---------------  T H R E A D  ---------------

Current thread (0x0000029d06842d20):  JavaThread "C2 CompilerThread0" daemon [_thread_in_native, id=13952, stack(0x000000ff6d900000,0x000000ff6da00000)]


Current CompileTask:
C2: 135107 12847       4       com.android.utils.XmlUtils::append (597 bytes)

Stack: [0x000000ff6d900000,0x000000ff6da00000]
Native frames: (J=compiled Java code, j=interpreted, Vv=VM code, C=native code)
V  [jvm.dll+0x683b4a]
V  [jvm.dll+0x842654]
V  [jvm.dll+0x843dfe]
V  [jvm.dll+0x844463]
V  [jvm.dll+0x249b75]
V  [jvm.dll+0xabcac]
V  [jvm.dll+0xac27c]
V  [jvm.dll+0x368802]
V  [jvm.dll+0x332f31]
V  [jvm.dll+0x3323da]
V  [jvm.dll+0x21c201]
V  [jvm.dll+0x21b621]
V  [jvm.dll+0x1a4fdd]
V  [jvm.dll+0x22b098]
V  [jvm.dll+0x229159]
V  [jvm.dll+0x7f809c]
V  [jvm.dll+0x7f25fa]
V  [jvm.dll+0x682985]
C  [ucrtbase.dll+0x21bb2]
C  [KERNEL32.DLL+0x17614]
C  [ntdll.dll+0x526a1]


---------------  P R O C E S S  ---------------

Threads class SMR info:
_java_thread_list=0x0000029d0e77b4a0, length=85, elements={
0x0000029d6c8f9360, 0x0000029d06812250, 0x0000029d06818800, 0x0000029d7fef9900,
0x0000029d06835810, 0x0000029d068360d0, 0x0000029d0683e9a0, 0x0000029d06842d20,
0x0000029d06843e30, 0x0000029d0684ef10, 0x0000029d069b6ff0, 0x0000029d069b78d0,
0x0000029d09373870, 0x0000029d094dfd00, 0x0000029d097fed50, 0x0000029d09d666b0,
0x0000029d0849f250, 0x0000029d09cbf1c0, 0x0000029d09cbf690, 0x0000029d07892380,
0x0000029d09285630, 0x0000029d09284c90, 0x0000029d092842f0, 0x0000029d092847c0,
0x0000029d09283e20, 0x0000029d097b2f90, 0x0000029d097ae760, 0x0000029d097b12b0,
0x0000029d097aff70, 0x0000029d097b0de0, 0x0000029d097b1780, 0x0000029d097aec30,
0x0000029d097b47a0, 0x0000029d097ad8f0, 0x0000029d097b0440, 0x0000029d097b3e00,
0x0000029d097b4c70, 0x0000029d097b2120, 0x0000029d097addc0, 0x0000029d097b25f0,
0x0000029d097afaa0, 0x0000029d097b2ac0, 0x0000029d097b3460, 0x0000029d097af5d0,
0x0000029d097ae290, 0x0000029d097af100, 0x0000029d093968b0, 0x0000029d09395f10,
0x0000029d0939a270, 0x0000029d09394700, 0x0000029d0939b0e0, 0x0000029d09398f30,
0x0000029d09398590, 0x0000029d09393d60, 0x0000029d09395570, 0x0000029d0939b5b0,
0x0000029d09396d80, 0x0000029d09397250, 0x0000029d0939a740, 0x0000029d09398a60,
0x0000029d09399400, 0x0000029d093998d0, 0x0000029d09399da0, 0x0000029d09397720,
0x0000029d093963e0, 0x0000029d09397bf0, 0x0000029d093980c0, 0x0000029d09394230,
0x0000029d0939ac10, 0x0000029d09394bd0, 0x0000029d093950a0, 0x0000029d09395a40,
0x0000029d09934090, 0x0000029d099388c0, 0x0000029d09933bc0, 0x0000029d09938d90,
0x0000029d099323b0, 0x0000029d09932880, 0x0000029d09939260, 0x0000029d09939730,
0x0000029d09932d50, 0x0000029d09934a30, 0x0000029d09933220, 0x0000029d099353d0,
0x0000029d09934f00
}

Java Threads: ( => current thread )
  0x0000029d6c8f9360 JavaThread "main" [_thread_blocked, id=8632, stack(0x000000ff6cc00000,0x000000ff6cd00000)]
  0x0000029d06812250 JavaThread "Reference Handler" daemon [_thread_blocked, id=9340, stack(0x000000ff6d300000,0x000000ff6d400000)]
  0x0000029d06818800 JavaThread "Finalizer" daemon [_thread_blocked, id=10256, stack(0x000000ff6d400000,0x000000ff6d500000)]
  0x0000029d7fef9900 JavaThread "Signal Dispatcher" daemon [_thread_blocked, id=1580, stack(0x000000ff6d500000,0x000000ff6d600000)]
  0x0000029d06835810 JavaThread "Attach Listener" daemon [_thread_blocked, id=10052, stack(0x000000ff6d600000,0x000000ff6d700000)]
  0x0000029d068360d0 JavaThread "Service Thread" daemon [_thread_blocked, id=2040, stack(0x000000ff6d700000,0x000000ff6d800000)]
  0x0000029d0683e9a0 JavaThread "Monitor Deflation Thread" daemon [_thread_blocked, id=10552, stack(0x000000ff6d800000,0x000000ff6d900000)]
=>0x0000029d06842d20 JavaThread "C2 CompilerThread0" daemon [_thread_in_native, id=13952, stack(0x000000ff6d900000,0x000000ff6da00000)]
  0x0000029d06843e30 JavaThread "C1 CompilerThread0" daemon [_thread_blocked, id=2340, stack(0x000000ff6da00000,0x000000ff6db00000)]
  0x0000029d0684ef10 JavaThread "Sweeper thread" daemon [_thread_blocked, id=3868, stack(0x000000ff6db00000,0x000000ff6dc00000)]
  0x0000029d069b6ff0 JavaThread "Common-Cleaner" daemon [_thread_blocked, id=14556, stack(0x000000ff6dc00000,0x000000ff6dd00000)]
  0x0000029d069b78d0 JavaThread "Notification Thread" daemon [_thread_blocked, id=5084, stack(0x000000ff6dd00000,0x000000ff6de00000)]
  0x0000029d09373870 JavaThread "Daemon health stats" [_thread_blocked, id=5584, stack(0x000000ff6e300000,0x000000ff6e400000)]
  0x0000029d094dfd00 JavaThread "Incoming local TCP Connector on port 63048" [_thread_in_native, id=9280, stack(0x000000ff6df00000,0x000000ff6e000000)]
  0x0000029d097fed50 JavaThread "Daemon periodic checks" [_thread_blocked, id=11272, stack(0x000000ff6e400000,0x000000ff6e500000)]
  0x0000029d09d666b0 JavaThread "Daemon" [_thread_blocked, id=10560, stack(0x000000ff6e600000,0x000000ff6e700000)]
  0x0000029d0849f250 JavaThread "Handler for socket connection from /127.0.0.1:63048 to /127.0.0.1:63049" [_thread_in_native, id=9800, stack(0x000000ff6e700000,0x000000ff6e800000)]
  0x0000029d09cbf1c0 JavaThread "Cancel handler" [_thread_blocked, id=9456, stack(0x000000ff6e800000,0x000000ff6e900000)]
  0x0000029d09cbf690 JavaThread "Daemon worker" [_thread_blocked, id=9012, stack(0x000000ff6e900000,0x000000ff6ea00000)]
  0x0000029d07892380 JavaThread "Asynchronous log dispatcher for DefaultDaemonConnection: socket connection from /127.0.0.1:63048 to /127.0.0.1:63049" [_thread_blocked, id=16308, stack(0x000000ff6ea00000,0x000000ff6eb00000)]
  0x0000029d09285630 JavaThread "Daemon client event forwarder" [_thread_blocked, id=7920, stack(0x000000ff6ec00000,0x000000ff6ed00000)]
  0x0000029d09284c90 JavaThread "Cache worker for journal cache (C:\Users\Nicoll\.gradle\caches\journal-1)" [_thread_blocked, id=10536, stack(0x000000ff6e500000,0x000000ff6e600000)]
  0x0000029d092842f0 JavaThread "File lock request listener" [_thread_in_native, id=504, stack(0x000000ff6ed00000,0x000000ff6ee00000)]
  0x0000029d092847c0 JavaThread "Cache worker for file hash cache (C:\Users\Nicoll\.gradle\caches\8.0\fileHashes)" [_thread_blocked, id=17176, stack(0x000000ff6ee00000,0x000000ff6ef00000)]
  0x0000029d09283e20 JavaThread "File watcher server" daemon [_thread_in_native, id=8544, stack(0x000000ff6ef00000,0x000000ff6f000000)]
  0x0000029d097b2f90 JavaThread "File watcher consumer" daemon [_thread_blocked, id=17212, stack(0x000000ff6f000000,0x000000ff6f100000)]
  0x0000029d097ae760 JavaThread "Cache worker for checksums cache (D:\Users\admin\Documents\MATERIAS\DispositivosMoviles\Practicas\Practica7\Practica6WebService\.gradle\8.0\checksums)" [_thread_blocked, id=8892, stack(0x000000ff6f100000,0x000000ff6f200000)]
  0x0000029d097b12b0 JavaThread "Cache worker for cache directory md-rule (C:\Users\Nicoll\.gradle\caches\8.0\md-rule)" [_thread_blocked, id=14032, stack(0x000000ff6f200000,0x000000ff6f300000)]
  0x0000029d097aff70 JavaThread "Cache worker for file content cache (C:\Users\Nicoll\.gradle\caches\8.0\fileContent)" [_thread_blocked, id=1640, stack(0x000000ff6f300000,0x000000ff6f400000)]
  0x0000029d097b0de0 JavaThread "Cache worker for file hash cache (D:\Users\admin\Documents\MATERIAS\DispositivosMoviles\Practicas\Practica7\Practica6WebService\.gradle\8.0\fileHashes)" [_thread_blocked, id=15964, stack(0x000000ff6f400000,0x000000ff6f500000)]
  0x0000029d097b1780 JavaThread "Cache worker for cache directory md-supplier (C:\Users\Nicoll\.gradle\caches\8.0\md-supplier)" [_thread_blocked, id=8464, stack(0x000000ff6f500000,0x000000ff6f600000)]
  0x0000029d097aec30 JavaThread "Cache worker for execution history cache (C:\Users\Nicoll\.gradle\caches\8.0\executionHistory)" [_thread_blocked, id=16704, stack(0x000000ff6f600000,0x000000ff6f700000)]
  0x0000029d097b47a0 JavaThread "jar transforms" [_thread_blocked, id=15216, stack(0x000000ff6f700000,0x000000ff6f800000)]
  0x0000029d097ad8f0 JavaThread "jar transforms Thread 2" [_thread_blocked, id=12388, stack(0x000000ff6f800000,0x000000ff6f900000)]
  0x0000029d097b0440 JavaThread "jar transforms Thread 3" [_thread_blocked, id=11972, stack(0x000000ff6fa00000,0x000000ff6fb00000)]
  0x0000029d097b3e00 JavaThread "jar transforms Thread 4" [_thread_blocked, id=14620, stack(0x000000ff6fb00000,0x000000ff6fc00000)]
  0x0000029d097b4c70 JavaThread "Cache worker for dependencies-accessors (D:\Users\admin\Documents\MATERIAS\DispositivosMoviles\Practicas\Practica7\Practica6WebService\.gradle\8.0\dependencies-accessors)" [_thread_blocked, id=4584, stack(0x000000ff6fc00000,0x000000ff6fd00000)]
  0x0000029d097b2120 JavaThread "Cache worker for Build Output Cleanup Cache (D:\Users\admin\Documents\MATERIAS\DispositivosMoviles\Practicas\Practica7\Practica6WebService\.gradle\buildOutputCleanup)" [_thread_blocked, id=1532, stack(0x000000ff6ff00000,0x000000ff70000000)]
  0x0000029d097addc0 JavaThread "Unconstrained build operations" [_thread_blocked, id=14112, stack(0x000000ff70100000,0x000000ff70200000)]
  0x0000029d097b25f0 JavaThread "Unconstrained build operations Thread 2" [_thread_blocked, id=17360, stack(0x000000ff70200000,0x000000ff70300000)]
  0x0000029d097afaa0 JavaThread "Unconstrained build operations Thread 3" [_thread_blocked, id=16388, stack(0x000000ff70300000,0x000000ff70400000)]
  0x0000029d097b2ac0 JavaThread "Unconstrained build operations Thread 4" [_thread_blocked, id=13528, stack(0x000000ff70400000,0x000000ff70500000)]
  0x0000029d097b3460 JavaThread "Unconstrained build operations Thread 5" [_thread_blocked, id=6748, stack(0x000000ff70500000,0x000000ff70600000)]
  0x0000029d097af5d0 JavaThread "Unconstrained build operations Thread 6" [_thread_blocked, id=11668, stack(0x000000ff70600000,0x000000ff70700000)]
  0x0000029d097ae290 JavaThread "Unconstrained build operations Thread 7" [_thread_blocked, id=7824, stack(0x000000ff70700000,0x000000ff70800000)]
  0x0000029d097af100 JavaThread "Unconstrained build operations Thread 8" [_thread_blocked, id=16836, stack(0x000000ff70800000,0x000000ff70900000)]
  0x0000029d093968b0 JavaThread "Unconstrained build operations Thread 9" [_thread_blocked, id=10720, stack(0x000000ff70900000,0x000000ff70a00000)]
  0x0000029d09395f10 JavaThread "Unconstrained build operations Thread 10" [_thread_blocked, id=13972, stack(0x000000ff70a00000,0x000000ff70b00000)]
  0x0000029d0939a270 JavaThread "Unconstrained build operations Thread 11" [_thread_blocked, id=876, stack(0x000000ff70b00000,0x000000ff70c00000)]
  0x0000029d09394700 JavaThread "Unconstrained build operations Thread 12" [_thread_blocked, id=8604, stack(0x000000ff70c00000,0x000000ff70d00000)]
  0x0000029d0939b0e0 JavaThread "Unconstrained build operations Thread 13" [_thread_blocked, id=6244, stack(0x000000ff70d00000,0x000000ff70e00000)]
  0x0000029d09398f30 JavaThread "Unconstrained build operations Thread 14" [_thread_blocked, id=7536, stack(0x000000ff70e00000,0x000000ff70f00000)]
  0x0000029d09398590 JavaThread "Unconstrained build operations Thread 15" [_thread_blocked, id=15276, stack(0x000000ff70f00000,0x000000ff71000000)]
  0x0000029d09393d60 JavaThread "Unconstrained build operations Thread 16" [_thread_blocked, id=1072, stack(0x000000ff71000000,0x000000ff71100000)]
  0x0000029d09395570 JavaThread "Unconstrained build operations Thread 17" [_thread_blocked, id=9136, stack(0x000000ff71100000,0x000000ff71200000)]
  0x0000029d0939b5b0 JavaThread "Unconstrained build operations Thread 18" [_thread_blocked, id=6160, stack(0x000000ff71200000,0x000000ff71300000)]
  0x0000029d09396d80 JavaThread "Unconstrained build operations Thread 19" [_thread_blocked, id=1128, stack(0x000000ff71300000,0x000000ff71400000)]
  0x0000029d09397250 JavaThread "Unconstrained build operations Thread 20" [_thread_blocked, id=10712, stack(0x000000ff71400000,0x000000ff71500000)]
  0x0000029d0939a740 JavaThread "Unconstrained build operations Thread 21" [_thread_blocked, id=11996, stack(0x000000ff71500000,0x000000ff71600000)]
  0x0000029d09398a60 JavaThread "Unconstrained build operations Thread 22" [_thread_blocked, id=12000, stack(0x000000ff71600000,0x000000ff71700000)]
  0x0000029d09399400 JavaThread "Unconstrained build operations Thread 23" [_thread_blocked, id=13080, stack(0x000000ff71700000,0x000000ff71800000)]
  0x0000029d093998d0 JavaThread "Unconstrained build operations Thread 24" [_thread_blocked, id=14432, stack(0x000000ff71800000,0x000000ff71900000)]
  0x0000029d09399da0 JavaThread "Unconstrained build operations Thread 25" [_thread_blocked, id=16644, stack(0x000000ff71900000,0x000000ff71a00000)]
  0x0000029d09397720 JavaThread "Unconstrained build operations Thread 26" [_thread_blocked, id=116, stack(0x000000ff71a00000,0x000000ff71b00000)]
  0x0000029d093963e0 JavaThread "Unconstrained build operations Thread 27" [_thread_blocked, id=5244, stack(0x000000ff71b00000,0x000000ff71c00000)]
  0x0000029d09397bf0 JavaThread "Unconstrained build operations Thread 28" [_thread_blocked, id=13928, stack(0x000000ff71c00000,0x000000ff71d00000)]
  0x0000029d093980c0 JavaThread "Unconstrained build operations Thread 29" [_thread_blocked, id=15064, stack(0x000000ff71d00000,0x000000ff71e00000)]
  0x0000029d09394230 JavaThread "Unconstrained build operations Thread 30" [_thread_blocked, id=5648, stack(0x000000ff71e00000,0x000000ff71f00000)]
  0x0000029d0939ac10 JavaThread "Unconstrained build operations Thread 31" [_thread_blocked, id=9712, stack(0x000000ff71f00000,0x000000ff72000000)]
  0x0000029d09394bd0 JavaThread "Unconstrained build operations Thread 32" [_thread_blocked, id=17248, stack(0x000000ff72000000,0x000000ff72100000)]
  0x0000029d093950a0 JavaThread "Unconstrained build operations Thread 33" [_thread_blocked, id=11700, stack(0x000000ff72100000,0x000000ff72200000)]
  0x0000029d09395a40 JavaThread "Unconstrained build operations Thread 34" [_thread_blocked, id=7556, stack(0x000000ff72200000,0x000000ff72300000)]
  0x0000029d09934090 JavaThread "Unconstrained build operations Thread 35" [_thread_blocked, id=14264, stack(0x000000ff72300000,0x000000ff72400000)]
  0x0000029d099388c0 JavaThread "Unconstrained build operations Thread 36" [_thread_blocked, id=4464, stack(0x000000ff72400000,0x000000ff72500000)]
  0x0000029d09933bc0 JavaThread "Unconstrained build operations Thread 37" [_thread_blocked, id=7188, stack(0x000000ff72500000,0x000000ff72600000)]
  0x0000029d09938d90 JavaThread "Unconstrained build operations Thread 38" [_thread_blocked, id=6292, stack(0x000000ff72600000,0x000000ff72700000)]
  0x0000029d099323b0 JavaThread "Unconstrained build operations Thread 39" [_thread_blocked, id=10688, stack(0x000000ff72700000,0x000000ff72800000)]
  0x0000029d09932880 JavaThread "Unconstrained build operations Thread 40" [_thread_blocked, id=6128, stack(0x000000ff72800000,0x000000ff72900000)]
  0x0000029d09939260 JavaThread "build event listener" [_thread_blocked, id=13000, stack(0x000000ff70000000,0x000000ff70100000)]
  0x0000029d09939730 JavaThread "Memory manager" [_thread_blocked, id=11056, stack(0x000000ff6c900000,0x000000ff6ca00000)]
  0x0000029d09932d50 JavaThread "included builds" [_thread_blocked, id=4268, stack(0x000000ff6ca00000,0x000000ff6cb00000)]
  0x0000029d09934a30 JavaThread "Execution worker" [_thread_blocked, id=12460, stack(0x000000ff6cb00000,0x000000ff6cc00000)]
  0x0000029d09933220 JavaThread "Execution worker Thread 2" [_thread_in_Java, id=16884, stack(0x000000ff6eb00000,0x000000ff6ec00000)]
  0x0000029d099353d0 JavaThread "Execution worker Thread 3" [_thread_blocked, id=12532, stack(0x000000ff72900000,0x000000ff72a00000)]
  0x0000029d09934f00 JavaThread "Cache worker for execution history cache (D:\Users\admin\Documents\MATERIAS\DispositivosMoviles\Practicas\Practica7\Practica6WebService\.gradle\8.0\executionHistory)" [_thread_blocked, id=15760, stack(0x000000ff72a00000,0x000000ff72b00000)]

Other Threads:
  0x0000029d7fee06f0 VMThread "VM Thread" [stack: 0x000000ff6d200000,0x000000ff6d300000] [id=1700]
  0x0000029d6c975cc0 WatcherThread [stack: 0x000000ff6de00000,0x000000ff6df00000] [id=15456]
  0x0000029d6c959910 GCTaskThread "GC Thread#0" [stack: 0x000000ff6cd00000,0x000000ff6ce00000] [id=16708]
  0x0000029d06f06830 GCTaskThread "GC Thread#1" [stack: 0x000000ff6e000000,0x000000ff6e100000] [id=15580]
  0x0000029d0754b520 GCTaskThread "GC Thread#2" [stack: 0x000000ff6e100000,0x000000ff6e200000] [id=9176]
  0x0000029d078c79e0 GCTaskThread "GC Thread#3" [stack: 0x000000ff6e200000,0x000000ff6e300000] [id=13560]
  0x0000029d6c96a760 ConcurrentGCThread "G1 Main Marker" [stack: 0x000000ff6ce00000,0x000000ff6cf00000] [id=11068]
  0x0000029d6c96b820 ConcurrentGCThread "G1 Conc#0" [stack: 0x000000ff6cf00000,0x000000ff6d000000] [id=6368]
  0x0000029d6c9cd690 ConcurrentGCThread "G1 Refine#0" [stack: 0x000000ff6d000000,0x000000ff6d100000] [id=6668]
  0x0000029d09672d30 ConcurrentGCThread "G1 Refine#1" [stack: 0x000000ff6f900000,0x000000ff6fa00000] [id=10788]
  0x0000029d6c9cdfc0 ConcurrentGCThread "G1 Service" [stack: 0x000000ff6d100000,0x000000ff6d200000] [id=9300]

Threads with active compile tasks:
C2 CompilerThread0   135199 12847       4       com.android.utils.XmlUtils::append (597 bytes)

VM state: not at safepoint (normal execution)

VM Mutex/Monitor currently owned by a thread: None

Heap address: 0x0000000080000000, size: 2048 MB, Compressed Oops mode: 32-bit

CDS archive(s) not mapped
Compressed class space mapped at: 0x0000000100000000-0x0000000140000000, reserved size: 1073741824
Narrow klass base: 0x0000000000000000, Narrow klass shift: 3, Narrow klass range: 0x140000000

GC Precious Log:
 CPUs: 4 total, 4 available
 Memory: 6376M
 Large Page Support: Disabled
 NUMA Support: Disabled
 Compressed Oops: Enabled (32-bit)
 Heap Region Size: 1M
 Heap Min Capacity: 8M
 Heap Initial Capacity: 100M
 Heap Max Capacity: 2G
 Pre-touch: Disabled
 Parallel Workers: 4
 Concurrent Workers: 1
 Concurrent Refinement Workers: 4
 Periodic GC: Disabled

Heap:
 garbage-first heap   total 293888K, used 170680K [0x0000000080000000, 0x0000000100000000)
  region size 1024K, 41 young (41984K), 2 survivors (2048K)
 Metaspace       used 99662K, committed 100288K, reserved 1138688K
  class space    used 13425K, committed 13760K, reserved 1048576K

Heap Regions: E=young(eden), S=young(survivor), O=old, HS=humongous(starts), HC=humongous(continues), CS=collection set, F=free, OA=open archive, CA=closed archive, TAMS=top-at-mark-start (previous, next)
|   0|0x0000000080000000, 0x0000000080100000, 0x0000000080100000|100%| O|  |TAMS 0x0000000080100000, 0x0000000080000000| Untracked 
|   1|0x0000000080100000, 0x0000000080200000, 0x0000000080200000|100%| O|  |TAMS 0x0000000080200000, 0x0000000080100000| Untracked 
|   2|0x0000000080200000, 0x0000000080300000, 0x0000000080300000|100%|HS|  |TAMS 0x0000000080300000, 0x0000000080200000| Complete 
|   3|0x0000000080300000, 0x0000000080400000, 0x0000000080400000|100%|HC|  |TAMS 0x0000000080400000, 0x0000000080300000| Complete 
|   4|0x0000000080400000, 0x0000000080500000, 0x0000000080500000|100%|HC|  |TAMS 0x0000000080500000, 0x0000000080400000| Complete 
|   5|0x0000000080500000, 0x0000000080600000, 0x0000000080600000|100%|HC|  |TAMS 0x0000000080600000, 0x0000000080500000| Complete 
|   6|0x0000000080600000, 0x0000000080700000, 0x0000000080700000|100%| O|  |TAMS 0x0000000080700000, 0x0000000080600000| Untracked 
|   7|0x0000000080700000, 0x0000000080800000, 0x0000000080800000|100%| O|  |TAMS 0x0000000080800000, 0x0000000080700000| Untracked 
|   8|0x0000000080800000, 0x0000000080900000, 0x0000000080900000|100%| O|  |TAMS 0x0000000080900000, 0x0000000080800000| Untracked 
|   9|0x0000000080900000, 0x0000000080a00000, 0x0000000080a00000|100%| O|  |TAMS 0x0000000080a00000, 0x0000000080900000| Untracked 
|  10|0x0000000080a00000, 0x0000000080b00000, 0x0000000080b00000|100%| O|  |TAMS 0x0000000080b00000, 0x0000000080a00000| Untracked 
|  11|0x0000000080b00000, 0x0000000080c00000, 0x0000000080c00000|100%| O|  |TAMS 0x0000000080c00000, 0x0000000080b00000| Untracked 
|  12|0x0000000080c00000, 0x0000000080d00000, 0x0000000080d00000|100%| O|  |TAMS 0x0000000080d00000, 0x0000000080c00000| Untracked 
|  13|0x0000000080d00000, 0x0000000080e00000, 0x0000000080e00000|100%| O|  |TAMS 0x0000000080e00000, 0x0000000080d00000| Untracked 
|  14|0x0000000080e00000, 0x0000000080f00000, 0x0000000080f00000|100%| O|  |TAMS 0x0000000080f00000, 0x0000000080e00000| Untracked 
|  15|0x0000000080f00000, 0x0000000081000000, 0x0000000081000000|100%| O|  |TAMS 0x0000000081000000, 0x0000000080f00000| Untracked 
|  16|0x0000000081000000, 0x0000000081100000, 0x0000000081100000|100%| O|  |TAMS 0x0000000081100000, 0x0000000081000000| Untracked 
|  17|0x0000000081100000, 0x0000000081200000, 0x0000000081200000|100%| O|  |TAMS 0x0000000081200000, 0x0000000081100000| Untracked 
|  18|0x0000000081200000, 0x0000000081300000, 0x0000000081300000|100%| O|  |TAMS 0x0000000081300000, 0x0000000081200000| Untracked 
|  19|0x0000000081300000, 0x0000000081400000, 0x0000000081400000|100%| O|  |TAMS 0x0000000081400000, 0x0000000081300000| Untracked 
|  20|0x0000000081400000, 0x0000000081500000, 0x0000000081500000|100%| O|  |TAMS 0x0000000081500000, 0x0000000081400000| Untracked 
|  21|0x0000000081500000, 0x0000000081600000, 0x0000000081600000|100%| O|  |TAMS 0x0000000081600000, 0x0000000081500000| Untracked 
|  22|0x0000000081600000, 0x0000000081700000, 0x0000000081700000|100%| O|  |TAMS 0x0000000081700000, 0x0000000081600000| Untracked 
|  23|0x0000000081700000, 0x0000000081800000, 0x0000000081800000|100%| O|  |TAMS 0x0000000081800000, 0x0000000081700000| Untracked 
|  24|0x0000000081800000, 0x0000000081900000, 0x0000000081900000|100%| O|  |TAMS 0x0000000081900000, 0x0000000081800000| Untracked 
|  25|0x0000000081900000, 0x0000000081a00000, 0x0000000081a00000|100%| O|  |TAMS 0x0000000081a00000, 0x0000000081900000| Untracked 
|  26|0x0000000081a00000, 0x0000000081b00000, 0x0000000081b00000|100%| O|  |TAMS 0x0000000081b00000, 0x0000000081a00000| Untracked 
|  27|0x0000000081b00000, 0x0000000081c00000, 0x0000000081c00000|100%| O|  |TAMS 0x0000000081c00000, 0x0000000081b00000| Untracked 
|  28|0x0000000081c00000, 0x0000000081d00000, 0x0000000081d00000|100%| O|  |TAMS 0x0000000081d00000, 0x0000000081c00000| Untracked 
|  29|0x0000000081d00000, 0x0000000081e00000, 0x0000000081e00000|100%| O|  |TAMS 0x0000000081e00000, 0x0000000081d00000| Untracked 
|  30|0x0000000081e00000, 0x0000000081f00000, 0x0000000081f00000|100%| O|  |TAMS 0x0000000081f00000, 0x0000000081e00000| Untracked 
|  31|0x0000000081f00000, 0x0000000082000000, 0x0000000082000000|100%| O|  |TAMS 0x0000000082000000, 0x0000000081f00000| Untracked 
|  32|0x0000000082000000, 0x0000000082100000, 0x0000000082100000|100%| O|  |TAMS 0x0000000082100000, 0x0000000082000000| Untracked 
|  33|0x0000000082100000, 0x0000000082200000, 0x0000000082200000|100%| O|  |TAMS 0x0000000082200000, 0x0000000082100000| Untracked 
|  34|0x0000000082200000, 0x0000000082300000, 0x0000000082300000|100%| O|  |TAMS 0x0000000082300000, 0x0000000082200000| Untracked 
|  35|0x0000000082300000, 0x0000000082400000, 0x0000000082400000|100%| O|  |TAMS 0x0000000082400000, 0x0000000082300000| Untracked 
|  36|0x0000000082400000, 0x0000000082500000, 0x0000000082500000|100%| O|  |TAMS 0x0000000082500000, 0x0000000082400000| Untracked 
|  37|0x0000000082500000, 0x0000000082600000, 0x0000000082600000|100%| O|  |TAMS 0x0000000082600000, 0x0000000082500000| Untracked 
|  38|0x0000000082600000, 0x0000000082700000, 0x0000000082700000|100%| O|  |TAMS 0x0000000082700000, 0x0000000082600000| Untracked 
|  39|0x0000000082700000, 0x0000000082800000, 0x0000000082800000|100%|HS|  |TAMS 0x0000000082800000, 0x0000000082700000| Complete 
|  40|0x0000000082800000, 0x0000000082900000, 0x0000000082900000|100%|HS|  |TAMS 0x0000000082900000, 0x0000000082800000| Complete 
|  41|0x0000000082900000, 0x0000000082a00000, 0x0000000082a00000|100%|HC|  |TAMS 0x0000000082a00000, 0x0000000082900000| Complete 
|  42|0x0000000082a00000, 0x0000000082b00000, 0x0000000082b00000|100%|HS|  |TAMS 0x0000000082b00000, 0x0000000082a00000| Complete 
|  43|0x0000000082b00000, 0x0000000082c00000, 0x0000000082c00000|100%|HS|  |TAMS 0x0000000082c00000, 0x0000000082b00000| Complete 
|  44|0x0000000082c00000, 0x0000000082d00000, 0x0000000082d00000|100%|HC|  |TAMS 0x0000000082d00000, 0x0000000082c00000| Complete 
|  45|0x0000000082d00000, 0x0000000082e00000, 0x0000000082e00000|100%|HC|  |TAMS 0x0000000082e00000, 0x0000000082d00000| Complete 
|  46|0x0000000082e00000, 0x0000000082f00000, 0x0000000082f00000|100%|HC|  |TAMS 0x0000000082f00000, 0x0000000082e00000| Complete 
|  47|0x0000000082f00000, 0x0000000083000000, 0x0000000083000000|100%| O|  |TAMS 0x0000000083000000, 0x0000000082f00000| Untracked 
|  48|0x0000000083000000, 0x0000000083100000, 0x0000000083100000|100%| O|  |TAMS 0x0000000083100000, 0x0000000083000000| Untracked 
|  49|0x0000000083100000, 0x0000000083200000, 0x0000000083200000|100%| O|  |TAMS 0x0000000083200000, 0x0000000083100000| Untracked 
|  50|0x0000000083200000, 0x0000000083300000, 0x0000000083300000|100%| O|  |TAMS 0x0000000083300000, 0x0000000083200000| Untracked 
|  51|0x0000000083300000, 0x0000000083400000, 0x0000000083400000|100%| O|  |TAMS 0x0000000083400000, 0x0000000083300000| Untracked 
|  52|0x0000000083400000, 0x0000000083500000, 0x0000000083500000|100%| O|  |TAMS 0x0000000083500000, 0x0000000083400000| Untracked 
|  53|0x0000000083500000, 0x0000000083600000, 0x0000000083600000|100%| O|  |TAMS 0x0000000083600000, 0x0000000083500000| Untracked 
|  54|0x0000000083600000, 0x0000000083700000, 0x0000000083700000|100%| O|  |TAMS 0x0000000083700000, 0x0000000083600000| Untracked 
|  55|0x0000000083700000, 0x0000000083800000, 0x0000000083800000|100%| O|  |TAMS 0x0000000083800000, 0x0000000083700000| Untracked 
|  56|0x0000000083800000, 0x0000000083900000, 0x0000000083900000|100%| O|  |TAMS 0x0000000083900000, 0x0000000083800000| Untracked 
|  57|0x0000000083900000, 0x0000000083a00000, 0x0000000083a00000|100%| O|  |TAMS 0x0000000083a00000, 0x0000000083900000| Untracked 
|  58|0x0000000083a00000, 0x0000000083b00000, 0x0000000083b00000|100%| O|  |TAMS 0x0000000083b00000, 0x0000000083a00000| Untracked 
|  59|0x0000000083b00000, 0x0000000083c00000, 0x0000000083c00000|100%| O|  |TAMS 0x0000000083c00000, 0x0000000083b00000| Untracked 
|  60|0x0000000083c00000, 0x0000000083d00000, 0x0000000083d00000|100%| O|  |TAMS 0x0000000083d00000, 0x0000000083c00000| Untracked 
|  61|0x0000000083d00000, 0x0000000083e00000, 0x0000000083e00000|100%| O|  |TAMS 0x0000000083e00000, 0x0000000083d00000| Untracked 
|  62|0x0000000083e00000, 0x0000000083f00000, 0x0000000083f00000|100%| O|  |TAMS 0x0000000083f00000, 0x0000000083e00000| Untracked 
|  63|0x0000000083f00000, 0x0000000084000000, 0x0000000084000000|100%| O|  |TAMS 0x0000000084000000, 0x0000000083f00000| Untracked 
|  64|0x0000000084000000, 0x0000000084100000, 0x0000000084100000|100%| O|  |TAMS 0x0000000084100000, 0x0000000084000000| Untracked 
|  65|0x0000000084100000, 0x0000000084200000, 0x0000000084200000|100%| O|  |TAMS 0x0000000084200000, 0x0000000084100000| Untracked 
|  66|0x0000000084200000, 0x0000000084300000, 0x0000000084300000|100%| O|  |TAMS 0x0000000084300000, 0x0000000084200000| Untracked 
|  67|0x0000000084300000, 0x0000000084400000, 0x0000000084400000|100%| O|  |TAMS 0x0000000084400000, 0x0000000084300000| Untracked 
|  68|0x0000000084400000, 0x0000000084500000, 0x0000000084500000|100%| O|  |TAMS 0x0000000084500000, 0x0000000084400000| Untracked 
|  69|0x0000000084500000, 0x0000000084600000, 0x0000000084600000|100%| O|  |TAMS 0x0000000084600000, 0x0000000084500000| Untracked 
|  70|0x0000000084600000, 0x0000000084700000, 0x0000000084700000|100%| O|  |TAMS 0x0000000084700000, 0x0000000084600000| Untracked 
|  71|0x0000000084700000, 0x0000000084800000, 0x0000000084800000|100%| O|  |TAMS 0x0000000084800000, 0x0000000084700000| Untracked 
|  72|0x0000000084800000, 0x0000000084900000, 0x0000000084900000|100%| O|  |TAMS 0x0000000084900000, 0x0000000084800000| Untracked 
|  73|0x0000000084900000, 0x0000000084a00000, 0x0000000084a00000|100%| O|  |TAMS 0x0000000084a00000, 0x0000000084900000| Untracked 
|  74|0x0000000084a00000, 0x0000000084b00000, 0x0000000084b00000|100%|HS|  |TAMS 0x0000000084a00000, 0x0000000084a00000| Complete 
|  75|0x0000000084b00000, 0x0000000084c00000, 0x0000000084c00000|100%| O|  |TAMS 0x0000000084c00000, 0x0000000084b00000| Untracked 
|  76|0x0000000084c00000, 0x0000000084d00000, 0x0000000084d00000|100%| O|  |TAMS 0x0000000084d00000, 0x0000000084c00000| Untracked 
|  77|0x0000000084d00000, 0x0000000084e00000, 0x0000000084e00000|100%| O|  |TAMS 0x0000000084e00000, 0x0000000084d00000| Untracked 
|  78|0x0000000084e00000, 0x0000000084f00000, 0x0000000084f00000|100%| O|  |TAMS 0x0000000084f00000, 0x0000000084e00000| Untracked 
|  79|0x0000000084f00000, 0x0000000085000000, 0x0000000085000000|100%| O|  |TAMS 0x0000000085000000, 0x0000000084f00000| Untracked 
|  80|0x0000000085000000, 0x0000000085100000, 0x0000000085100000|100%| O|  |TAMS 0x0000000085100000, 0x0000000085000000| Untracked 
|  81|0x0000000085100000, 0x0000000085200000, 0x0000000085200000|100%| O|  |TAMS 0x0000000085200000, 0x0000000085100000| Untracked 
|  82|0x0000000085200000, 0x0000000085300000, 0x0000000085300000|100%| O|  |TAMS 0x0000000085300000, 0x0000000085200000| Untracked 
|  83|0x0000000085300000, 0x0000000085400000, 0x0000000085400000|100%| O|  |TAMS 0x0000000085400000, 0x0000000085300000| Untracked 
|  84|0x0000000085400000, 0x0000000085500000, 0x0000000085500000|100%| O|  |TAMS 0x0000000085500000, 0x0000000085400000| Untracked 
|  85|0x0000000085500000, 0x0000000085600000, 0x0000000085600000|100%| O|  |TAMS 0x0000000085600000, 0x0000000085500000| Untracked 
|  86|0x0000000085600000, 0x0000000085700000, 0x0000000085700000|100%| O|  |TAMS 0x0000000085700000, 0x0000000085600000| Untracked 
|  87|0x0000000085700000, 0x0000000085800000, 0x0000000085800000|100%| O|  |TAMS 0x0000000085800000, 0x0000000085700000| Untracked 
|  88|0x0000000085800000, 0x0000000085900000, 0x0000000085900000|100%| O|  |TAMS 0x0000000085900000, 0x0000000085800000| Untracked 
|  89|0x0000000085900000, 0x0000000085a00000, 0x0000000085a00000|100%|HS|  |TAMS 0x0000000085900000, 0x0000000085900000| Complete 
|  90|0x0000000085a00000, 0x0000000085b00000, 0x0000000085b00000|100%| O|  |TAMS 0x0000000085b00000, 0x0000000085a00000| Untracked 
|  91|0x0000000085b00000, 0x0000000085c00000, 0x0000000085c00000|100%| O|  |TAMS 0x0000000085c00000, 0x0000000085b00000| Untracked 
|  92|0x0000000085c00000, 0x0000000085d00000, 0x0000000085d00000|100%| O|  |TAMS 0x0000000085d00000, 0x0000000085c00000| Untracked 
|  93|0x0000000085d00000, 0x0000000085e00000, 0x0000000085e00000|100%| O|  |TAMS 0x0000000085e00000, 0x0000000085d00000| Untracked 
|  94|0x0000000085e00000, 0x0000000085f00000, 0x0000000085f00000|100%| O|  |TAMS 0x0000000085f00000, 0x0000000085e00000| Untracked 
|  95|0x0000000085f00000, 0x0000000086000000, 0x0000000086000000|100%| O|  |TAMS 0x0000000086000000, 0x0000000085f00000| Untracked 
|  96|0x0000000086000000, 0x0000000086100000, 0x0000000086100000|100%| O|  |TAMS 0x0000000086100000, 0x0000000086000000| Untracked 
|  97|0x0000000086100000, 0x0000000086200000, 0x0000000086200000|100%| O|  |TAMS 0x0000000086200000, 0x0000000086100000| Untracked 
|  98|0x0000000086200000, 0x0000000086300000, 0x0000000086300000|100%| O|  |TAMS 0x0000000086300000, 0x0000000086200000| Untracked 
|  99|0x0000000086300000, 0x0000000086400000, 0x0000000086400000|100%| O|  |TAMS 0x0000000086400000, 0x0000000086300000| Untracked 
| 100|0x0000000086400000, 0x0000000086500000, 0x0000000086500000|100%| O|  |TAMS 0x0000000086500000, 0x0000000086400000| Untracked 
| 101|0x0000000086500000, 0x0000000086600000, 0x0000000086600000|100%| O|  |TAMS 0x0000000086600000, 0x0000000086500000| Untracked 
| 102|0x0000000086600000, 0x0000000086700000, 0x0000000086700000|100%| O|  |TAMS 0x0000000086700000, 0x0000000086600000| Untracked 
| 103|0x0000000086700000, 0x0000000086800000, 0x0000000086800000|100%| O|  |TAMS 0x00000000867eee00, 0x0000000086700000| Untracked 
| 104|0x0000000086800000, 0x0000000086900000, 0x0000000086900000|100%| O|  |TAMS 0x0000000086800000, 0x0000000086800000| Untracked 
| 105|0x0000000086900000, 0x0000000086a00000, 0x0000000086a00000|100%| O|  |TAMS 0x0000000086900000, 0x0000000086900000| Untracked 
| 106|0x0000000086a00000, 0x0000000086b00000, 0x0000000086b00000|100%|HS|  |TAMS 0x0000000086a00000, 0x0000000086a00000| Complete 
| 107|0x0000000086b00000, 0x0000000086c00000, 0x0000000086c00000|100%|HC|  |TAMS 0x0000000086b00000, 0x0000000086b00000| Complete 
| 108|0x0000000086c00000, 0x0000000086d00000, 0x0000000086d00000|100%| O|  |TAMS 0x0000000086c00000, 0x0000000086c00000| Untracked 
| 109|0x0000000086d00000, 0x0000000086e00000, 0x0000000086e00000|100%| O|  |TAMS 0x0000000086d00000, 0x0000000086d00000| Untracked 
| 110|0x0000000086e00000, 0x0000000086f00000, 0x0000000086f00000|100%| O|  |TAMS 0x0000000086e00000, 0x0000000086e00000| Untracked 
| 111|0x0000000086f00000, 0x0000000087000000, 0x0000000087000000|100%| O|  |TAMS 0x0000000086f00000, 0x0000000086f00000| Untracked 
| 112|0x0000000087000000, 0x0000000087100000, 0x0000000087100000|100%| O|  |TAMS 0x0000000087000000, 0x0000000087000000| Untracked 
| 113|0x0000000087100000, 0x0000000087200000, 0x0000000087200000|100%| O|  |TAMS 0x0000000087100000, 0x0000000087100000| Untracked 
| 114|0x0000000087200000, 0x0000000087300000, 0x0000000087300000|100%| O|  |TAMS 0x0000000087200000, 0x0000000087200000| Untracked 
| 115|0x0000000087300000, 0x0000000087400000, 0x0000000087400000|100%| O|  |TAMS 0x0000000087300000, 0x0000000087300000| Untracked 
| 116|0x0000000087400000, 0x0000000087500000, 0x0000000087500000|100%| O|  |TAMS 0x0000000087400000, 0x0000000087400000| Untracked 
| 117|0x0000000087500000, 0x0000000087600000, 0x0000000087600000|100%| O|  |TAMS 0x0000000087500000, 0x0000000087500000| Untracked 
| 118|0x0000000087600000, 0x00000000876ae000, 0x0000000087700000| 67%| O|  |TAMS 0x0000000087600000, 0x0000000087600000| Untracked 
| 119|0x0000000087700000, 0x0000000087800000, 0x0000000087800000|100%|HS|  |TAMS 0x0000000087700000, 0x0000000087700000| Complete 
| 120|0x0000000087800000, 0x0000000087900000, 0x0000000087900000|100%|HC|  |TAMS 0x0000000087800000, 0x0000000087800000| Complete 
| 121|0x0000000087900000, 0x0000000087a00000, 0x0000000087a00000|100%|HS|  |TAMS 0x0000000087900000, 0x0000000087900000| Complete 
| 122|0x0000000087a00000, 0x0000000087b00000, 0x0000000087b00000|100%|HC|  |TAMS 0x0000000087a00000, 0x0000000087a00000| Complete 
| 123|0x0000000087b00000, 0x0000000087c00000, 0x0000000087c00000|100%|HS|  |TAMS 0x0000000087b00000, 0x0000000087b00000| Complete 
| 124|0x0000000087c00000, 0x0000000087d00000, 0x0000000087d00000|100%|HC|  |TAMS 0x0000000087c00000, 0x0000000087c00000| Complete 
| 125|0x0000000087d00000, 0x0000000087d00000, 0x0000000087e00000|  0%| F|  |TAMS 0x0000000087d00000, 0x0000000087d00000| Untracked 
| 126|0x0000000087e00000, 0x0000000087e00000, 0x0000000087f00000|  0%| F|  |TAMS 0x0000000087e00000, 0x0000000087e00000| Untracked 
| 127|0x0000000087f00000, 0x0000000087f00000, 0x0000000088000000|  0%| F|  |TAMS 0x0000000087f00000, 0x0000000087f00000| Untracked 
| 128|0x0000000088000000, 0x0000000088000000, 0x0000000088100000|  0%| F|  |TAMS 0x0000000088000000, 0x0000000088000000| Untracked 
| 129|0x0000000088100000, 0x0000000088100000, 0x0000000088200000|  0%| F|  |TAMS 0x0000000088100000, 0x0000000088100000| Untracked 
| 130|0x0000000088200000, 0x0000000088200000, 0x0000000088300000|  0%| F|  |TAMS 0x0000000088200000, 0x0000000088200000| Untracked 
| 131|0x0000000088300000, 0x0000000088300000, 0x0000000088400000|  0%| F|  |TAMS 0x0000000088300000, 0x0000000088300000| Untracked 
| 132|0x0000000088400000, 0x0000000088400000, 0x0000000088500000|  0%| F|  |TAMS 0x0000000088400000, 0x0000000088400000| Untracked 
| 133|0x0000000088500000, 0x0000000088500000, 0x0000000088600000|  0%| F|  |TAMS 0x0000000088500000, 0x0000000088500000| Untracked 
| 134|0x0000000088600000, 0x0000000088600000, 0x0000000088700000|  0%| F|  |TAMS 0x0000000088600000, 0x0000000088600000| Untracked 
| 135|0x0000000088700000, 0x0000000088700000, 0x0000000088800000|  0%| F|  |TAMS 0x0000000088700000, 0x0000000088700000| Untracked 
| 136|0x0000000088800000, 0x0000000088800000, 0x0000000088900000|  0%| F|  |TAMS 0x0000000088800000, 0x0000000088800000| Untracked 
| 137|0x0000000088900000, 0x0000000088900000, 0x0000000088a00000|  0%| F|  |TAMS 0x0000000088900000, 0x0000000088900000| Untracked 
| 138|0x0000000088a00000, 0x0000000088a00000, 0x0000000088b00000|  0%| F|  |TAMS 0x0000000088a00000, 0x0000000088a00000| Untracked 
| 139|0x0000000088b00000, 0x0000000088b00000, 0x0000000088c00000|  0%| F|  |TAMS 0x0000000088b00000, 0x0000000088b00000| Untracked 
| 140|0x0000000088c00000, 0x0000000088c00000, 0x0000000088d00000|  0%| F|  |TAMS 0x0000000088c00000, 0x0000000088c00000| Untracked 
| 141|0x0000000088d00000, 0x0000000088d00000, 0x0000000088e00000|  0%| F|  |TAMS 0x0000000088d00000, 0x0000000088d00000| Untracked 
| 142|0x0000000088e00000, 0x0000000088e00000, 0x0000000088f00000|  0%| F|  |TAMS 0x0000000088e00000, 0x0000000088e00000| Untracked 
| 143|0x0000000088f00000, 0x0000000088f00000, 0x0000000089000000|  0%| F|  |TAMS 0x0000000088f00000, 0x0000000088f00000| Untracked 
| 144|0x0000000089000000, 0x0000000089000000, 0x0000000089100000|  0%| F|  |TAMS 0x0000000089000000, 0x0000000089000000| Untracked 
| 145|0x0000000089100000, 0x0000000089100000, 0x0000000089200000|  0%| F|  |TAMS 0x0000000089100000, 0x0000000089100000| Untracked 
| 146|0x0000000089200000, 0x0000000089200000, 0x0000000089300000|  0%| F|  |TAMS 0x0000000089200000, 0x0000000089200000| Untracked 
| 147|0x0000000089300000, 0x0000000089300000, 0x0000000089400000|  0%| F|  |TAMS 0x0000000089300000, 0x0000000089300000| Untracked 
| 148|0x0000000089400000, 0x0000000089400000, 0x0000000089500000|  0%| F|  |TAMS 0x0000000089400000, 0x0000000089400000| Untracked 
| 149|0x0000000089500000, 0x0000000089500000, 0x0000000089600000|  0%| F|  |TAMS 0x0000000089500000, 0x0000000089500000| Untracked 
| 150|0x0000000089600000, 0x0000000089600000, 0x0000000089700000|  0%| F|  |TAMS 0x0000000089600000, 0x0000000089600000| Untracked 
| 151|0x0000000089700000, 0x0000000089700000, 0x0000000089800000|  0%| F|  |TAMS 0x0000000089700000, 0x0000000089700000| Untracked 
| 152|0x0000000089800000, 0x0000000089800000, 0x0000000089900000|  0%| F|  |TAMS 0x0000000089800000, 0x0000000089800000| Untracked 
| 153|0x0000000089900000, 0x0000000089900000, 0x0000000089a00000|  0%| F|  |TAMS 0x0000000089900000, 0x0000000089900000| Untracked 
| 154|0x0000000089a00000, 0x0000000089a00000, 0x0000000089b00000|  0%| F|  |TAMS 0x0000000089a00000, 0x0000000089a00000| Untracked 
| 155|0x0000000089b00000, 0x0000000089b00000, 0x0000000089c00000|  0%| F|  |TAMS 0x0000000089b00000, 0x0000000089b00000| Untracked 
| 156|0x0000000089c00000, 0x0000000089c00000, 0x0000000089d00000|  0%| F|  |TAMS 0x0000000089c00000, 0x0000000089c00000| Untracked 
| 157|0x0000000089d00000, 0x0000000089d00000, 0x0000000089e00000|  0%| F|  |TAMS 0x0000000089d00000, 0x0000000089d00000| Untracked 
| 158|0x0000000089e00000, 0x0000000089e00000, 0x0000000089f00000|  0%| F|  |TAMS 0x0000000089e00000, 0x0000000089e00000| Untracked 
| 159|0x0000000089f00000, 0x0000000089f00000, 0x000000008a000000|  0%| F|  |TAMS 0x0000000089f00000, 0x0000000089f00000| Untracked 
| 160|0x000000008a000000, 0x000000008a000000, 0x000000008a100000|  0%| F|  |TAMS 0x000000008a000000, 0x000000008a000000| Untracked 
| 161|0x000000008a100000, 0x000000008a100000, 0x000000008a200000|  0%| F|  |TAMS 0x000000008a100000, 0x000000008a100000| Untracked 
| 162|0x000000008a200000, 0x000000008a200000, 0x000000008a300000|  0%| F|  |TAMS 0x000000008a200000, 0x000000008a200000| Untracked 
| 163|0x000000008a300000, 0x000000008a300000, 0x000000008a400000|  0%| F|  |TAMS 0x000000008a300000, 0x000000008a300000| Untracked 
| 164|0x000000008a400000, 0x000000008a400000, 0x000000008a500000|  0%| F|  |TAMS 0x000000008a400000, 0x000000008a400000| Untracked 
| 165|0x000000008a500000, 0x000000008a500000, 0x000000008a600000|  0%| F|  |TAMS 0x000000008a500000, 0x000000008a500000| Untracked 
| 166|0x000000008a600000, 0x000000008a600000, 0x000000008a700000|  0%| F|  |TAMS 0x000000008a600000, 0x000000008a600000| Untracked 
| 167|0x000000008a700000, 0x000000008a700000, 0x000000008a800000|  0%| F|  |TAMS 0x000000008a700000, 0x000000008a700000| Untracked 
| 168|0x000000008a800000, 0x000000008a800000, 0x000000008a900000|  0%| F|  |TAMS 0x000000008a800000, 0x000000008a800000| Untracked 
| 169|0x000000008a900000, 0x000000008a900000, 0x000000008aa00000|  0%| F|  |TAMS 0x000000008a900000, 0x000000008a900000| Untracked 
| 170|0x000000008aa00000, 0x000000008aa00000, 0x000000008ab00000|  0%| F|  |TAMS 0x000000008aa00000, 0x000000008aa00000| Untracked 
| 171|0x000000008ab00000, 0x000000008ab00000, 0x000000008ac00000|  0%| F|  |TAMS 0x000000008ab00000, 0x000000008ab00000| Untracked 
| 172|0x000000008ac00000, 0x000000008ac00000, 0x000000008ad00000|  0%| F|  |TAMS 0x000000008ac00000, 0x000000008ac00000| Untracked 
| 173|0x000000008ad00000, 0x000000008ad00000, 0x000000008ae00000|  0%| F|  |TAMS 0x000000008ad00000, 0x000000008ad00000| Untracked 
| 174|0x000000008ae00000, 0x000000008ae00000, 0x000000008af00000|  0%| F|  |TAMS 0x000000008ae00000, 0x000000008ae00000| Untracked 
| 175|0x000000008af00000, 0x000000008af00000, 0x000000008b000000|  0%| F|  |TAMS 0x000000008af00000, 0x000000008af00000| Untracked 
| 176|0x000000008b000000, 0x000000008b000000, 0x000000008b100000|  0%| F|  |TAMS 0x000000008b000000, 0x000000008b000000| Untracked 
| 177|0x000000008b100000, 0x000000008b100000, 0x000000008b200000|  0%| F|  |TAMS 0x000000008b100000, 0x000000008b100000| Untracked 
| 178|0x000000008b200000, 0x000000008b200000, 0x000000008b300000|  0%| F|  |TAMS 0x000000008b200000, 0x000000008b200000| Untracked 
| 179|0x000000008b300000, 0x000000008b300000, 0x000000008b400000|  0%| F|  |TAMS 0x000000008b300000, 0x000000008b300000| Untracked 
| 180|0x000000008b400000, 0x000000008b400000, 0x000000008b500000|  0%| F|  |TAMS 0x000000008b400000, 0x000000008b400000| Untracked 
| 181|0x000000008b500000, 0x000000008b500000, 0x000000008b600000|  0%| F|  |TAMS 0x000000008b500000, 0x000000008b500000| Untracked 
| 182|0x000000008b600000, 0x000000008b700000, 0x000000008b700000|100%| S|CS|TAMS 0x000000008b600000, 0x000000008b600000| Complete 
| 183|0x000000008b700000, 0x000000008b800000, 0x000000008b800000|100%| S|CS|TAMS 0x000000008b700000, 0x000000008b700000| Complete 
| 184|0x000000008b800000, 0x000000008b800000, 0x000000008b900000|  0%| F|  |TAMS 0x000000008b800000, 0x000000008b800000| Untracked 
| 185|0x000000008b900000, 0x000000008b900000, 0x000000008ba00000|  0%| F|  |TAMS 0x000000008b900000, 0x000000008b900000| Untracked 
| 186|0x000000008ba00000, 0x000000008ba00000, 0x000000008bb00000|  0%| F|  |TAMS 0x000000008ba00000, 0x000000008ba00000| Untracked 
| 187|0x000000008bb00000, 0x000000008bb00000, 0x000000008bc00000|  0%| F|  |TAMS 0x000000008bb00000, 0x000000008bb00000| Untracked 
| 188|0x000000008bc00000, 0x000000008bc00000, 0x000000008bd00000|  0%| F|  |TAMS 0x000000008bc00000, 0x000000008bc00000| Untracked 
| 189|0x000000008bd00000, 0x000000008bd00000, 0x000000008be00000|  0%| F|  |TAMS 0x000000008bd00000, 0x000000008bd00000| Untracked 
| 190|0x000000008be00000, 0x000000008be00000, 0x000000008bf00000|  0%| F|  |TAMS 0x000000008be00000, 0x000000008be00000| Untracked 
| 191|0x000000008bf00000, 0x000000008bf00000, 0x000000008c000000|  0%| F|  |TAMS 0x000000008bf00000, 0x000000008bf00000| Untracked 
| 192|0x000000008c000000, 0x000000008c000000, 0x000000008c100000|  0%| F|  |TAMS 0x000000008c000000, 0x000000008c000000| Untracked 
| 193|0x000000008c100000, 0x000000008c100000, 0x000000008c200000|  0%| F|  |TAMS 0x000000008c100000, 0x000000008c100000| Untracked 
| 194|0x000000008c200000, 0x000000008c200000, 0x000000008c300000|  0%| F|  |TAMS 0x000000008c200000, 0x000000008c200000| Untracked 
| 195|0x000000008c300000, 0x000000008c300000, 0x000000008c400000|  0%| F|  |TAMS 0x000000008c300000, 0x000000008c300000| Untracked 
| 196|0x000000008c400000, 0x000000008c400000, 0x000000008c500000|  0%| F|  |TAMS 0x000000008c400000, 0x000000008c400000| Untracked 
| 197|0x000000008c500000, 0x000000008c500000, 0x000000008c600000|  0%| F|  |TAMS 0x000000008c500000, 0x000000008c500000| Untracked 
| 198|0x000000008c600000, 0x000000008c600000, 0x000000008c700000|  0%| F|  |TAMS 0x000000008c600000, 0x000000008c600000| Untracked 
| 199|0x000000008c700000, 0x000000008c700000, 0x000000008c800000|  0%| F|  |TAMS 0x000000008c700000, 0x000000008c700000| Untracked 
| 200|0x000000008c800000, 0x000000008c800000, 0x000000008c900000|  0%| F|  |TAMS 0x000000008c800000, 0x000000008c800000| Untracked 
| 201|0x000000008c900000, 0x000000008c900000, 0x000000008ca00000|  0%| F|  |TAMS 0x000000008c900000, 0x000000008c900000| Untracked 
| 202|0x000000008ca00000, 0x000000008ca00000, 0x000000008cb00000|  0%| F|  |TAMS 0x000000008ca00000, 0x000000008ca00000| Untracked 
| 203|0x000000008cb00000, 0x000000008cb00000, 0x000000008cc00000|  0%| F|  |TAMS 0x000000008cb00000, 0x000000008cb00000| Untracked 
| 204|0x000000008cc00000, 0x000000008cc00000, 0x000000008cd00000|  0%| F|  |TAMS 0x000000008cc00000, 0x000000008cc00000| Untracked 
| 205|0x000000008cd00000, 0x000000008cd00000, 0x000000008ce00000|  0%| F|  |TAMS 0x000000008cd00000, 0x000000008cd00000| Untracked 
| 206|0x000000008ce00000, 0x000000008ce00000, 0x000000008cf00000|  0%| F|  |TAMS 0x000000008ce00000, 0x000000008ce00000| Untracked 
| 207|0x000000008cf00000, 0x000000008cf00000, 0x000000008d000000|  0%| F|  |TAMS 0x000000008cf00000, 0x000000008cf00000| Untracked 
| 208|0x000000008d000000, 0x000000008d000000, 0x000000008d100000|  0%| F|  |TAMS 0x000000008d000000, 0x000000008d000000| Untracked 
| 209|0x000000008d100000, 0x000000008d100000, 0x000000008d200000|  0%| F|  |TAMS 0x000000008d100000, 0x000000008d100000| Untracked 
| 210|0x000000008d200000, 0x000000008d200000, 0x000000008d300000|  0%| F|  |TAMS 0x000000008d200000, 0x000000008d200000| Untracked 
| 211|0x000000008d300000, 0x000000008d300000, 0x000000008d400000|  0%| F|  |TAMS 0x000000008d300000, 0x000000008d300000| Untracked 
| 212|0x000000008d400000, 0x000000008d400000, 0x000000008d500000|  0%| F|  |TAMS 0x000000008d400000, 0x000000008d400000| Untracked 
| 213|0x000000008d500000, 0x000000008d500000, 0x000000008d600000|  0%| F|  |TAMS 0x000000008d500000, 0x000000008d500000| Untracked 
| 214|0x000000008d600000, 0x000000008d600000, 0x000000008d700000|  0%| F|  |TAMS 0x000000008d600000, 0x000000008d600000| Untracked 
| 215|0x000000008d700000, 0x000000008d700000, 0x000000008d800000|  0%| F|  |TAMS 0x000000008d700000, 0x000000008d700000| Untracked 
| 216|0x000000008d800000, 0x000000008d800000, 0x000000008d900000|  0%| F|  |TAMS 0x000000008d800000, 0x000000008d800000| Untracked 
| 217|0x000000008d900000, 0x000000008d900000, 0x000000008da00000|  0%| F|  |TAMS 0x000000008d900000, 0x000000008d900000| Untracked 
| 218|0x000000008da00000, 0x000000008da00000, 0x000000008db00000|  0%| F|  |TAMS 0x000000008da00000, 0x000000008da00000| Untracked 
| 219|0x000000008db00000, 0x000000008db00000, 0x000000008dc00000|  0%| F|  |TAMS 0x000000008db00000, 0x000000008db00000| Untracked 
| 220|0x000000008dc00000, 0x000000008dc00000, 0x000000008dd00000|  0%| F|  |TAMS 0x000000008dc00000, 0x000000008dc00000| Untracked 
| 221|0x000000008dd00000, 0x000000008dd00000, 0x000000008de00000|  0%| F|  |TAMS 0x000000008dd00000, 0x000000008dd00000| Untracked 
| 222|0x000000008de00000, 0x000000008de00000, 0x000000008df00000|  0%| F|  |TAMS 0x000000008de00000, 0x000000008de00000| Untracked 
| 223|0x000000008df00000, 0x000000008df00000, 0x000000008e000000|  0%| F|  |TAMS 0x000000008df00000, 0x000000008df00000| Untracked 
| 224|0x000000008e000000, 0x000000008e000000, 0x000000008e100000|  0%| F|  |TAMS 0x000000008e000000, 0x000000008e000000| Untracked 
| 225|0x000000008e100000, 0x000000008e100000, 0x000000008e200000|  0%| F|  |TAMS 0x000000008e100000, 0x000000008e100000| Untracked 
| 226|0x000000008e200000, 0x000000008e200000, 0x000000008e300000|  0%| F|  |TAMS 0x000000008e200000, 0x000000008e200000| Untracked 
| 227|0x000000008e300000, 0x000000008e300000, 0x000000008e400000|  0%| F|  |TAMS 0x000000008e300000, 0x000000008e300000| Untracked 
| 228|0x000000008e400000, 0x000000008e400000, 0x000000008e500000|  0%| F|  |TAMS 0x000000008e400000, 0x000000008e400000| Untracked 
| 229|0x000000008e500000, 0x000000008e500000, 0x000000008e600000|  0%| F|  |TAMS 0x000000008e500000, 0x000000008e500000| Untracked 
| 230|0x000000008e600000, 0x000000008e600000, 0x000000008e700000|  0%| F|  |TAMS 0x000000008e600000, 0x000000008e600000| Untracked 
| 231|0x000000008e700000, 0x000000008e700000, 0x000000008e800000|  0%| F|  |TAMS 0x000000008e700000, 0x000000008e700000| Untracked 
| 232|0x000000008e800000, 0x000000008e800000, 0x000000008e900000|  0%| F|  |TAMS 0x000000008e800000, 0x000000008e800000| Untracked 
| 233|0x000000008e900000, 0x000000008e900000, 0x000000008ea00000|  0%| F|  |TAMS 0x000000008e900000, 0x000000008e900000| Untracked 
| 234|0x000000008ea00000, 0x000000008ea00000, 0x000000008eb00000|  0%| F|  |TAMS 0x000000008ea00000, 0x000000008ea00000| Untracked 
| 235|0x000000008eb00000, 0x000000008eb00000, 0x000000008ec00000|  0%| F|  |TAMS 0x000000008eb00000, 0x000000008eb00000| Untracked 
| 236|0x000000008ec00000, 0x000000008ec00000, 0x000000008ed00000|  0%| F|  |TAMS 0x000000008ec00000, 0x000000008ec00000| Untracked 
| 237|0x000000008ed00000, 0x000000008ed00000, 0x000000008ee00000|  0%| F|  |TAMS 0x000000008ed00000, 0x000000008ed00000| Untracked 
| 238|0x000000008ee00000, 0x000000008ee00000, 0x000000008ef00000|  0%| F|  |TAMS 0x000000008ee00000, 0x000000008ee00000| Untracked 
| 239|0x000000008ef00000, 0x000000008ef00000, 0x000000008f000000|  0%| F|  |TAMS 0x000000008ef00000, 0x000000008ef00000| Untracked 
| 240|0x000000008f000000, 0x000000008f000000, 0x000000008f100000|  0%| F|  |TAMS 0x000000008f000000, 0x000000008f000000| Untracked 
| 241|0x000000008f100000, 0x000000008f100000, 0x000000008f200000|  0%| F|  |TAMS 0x000000008f100000, 0x000000008f100000| Untracked 
| 242|0x000000008f200000, 0x000000008f200000, 0x000000008f300000|  0%| F|  |TAMS 0x000000008f200000, 0x000000008f200000| Untracked 
| 243|0x000000008f300000, 0x000000008f300000, 0x000000008f400000|  0%| F|  |TAMS 0x000000008f300000, 0x000000008f300000| Untracked 
| 244|0x000000008f400000, 0x000000008f400000, 0x000000008f500000|  0%| F|  |TAMS 0x000000008f400000, 0x000000008f400000| Untracked 
| 245|0x000000008f500000, 0x000000008f500000, 0x000000008f600000|  0%| F|  |TAMS 0x000000008f500000, 0x000000008f500000| Untracked 
| 246|0x000000008f600000, 0x000000008f683eb0, 0x000000008f700000| 51%| E|  |TAMS 0x000000008f600000, 0x000000008f600000| Complete 
| 247|0x000000008f700000, 0x000000008f800000, 0x000000008f800000|100%| E|CS|TAMS 0x000000008f700000, 0x000000008f700000| Complete 
| 248|0x000000008f800000, 0x000000008f900000, 0x000000008f900000|100%| E|CS|TAMS 0x000000008f800000, 0x000000008f800000| Complete 
| 249|0x000000008f900000, 0x000000008fa00000, 0x000000008fa00000|100%| E|CS|TAMS 0x000000008f900000, 0x000000008f900000| Complete 
| 250|0x000000008fa00000, 0x000000008fb00000, 0x000000008fb00000|100%| E|CS|TAMS 0x000000008fa00000, 0x000000008fa00000| Complete 
| 251|0x000000008fb00000, 0x000000008fc00000, 0x000000008fc00000|100%| E|CS|TAMS 0x000000008fb00000, 0x000000008fb00000| Complete 
| 252|0x000000008fc00000, 0x000000008fd00000, 0x000000008fd00000|100%| E|CS|TAMS 0x000000008fc00000, 0x000000008fc00000| Complete 
| 253|0x000000008fd00000, 0x000000008fe00000, 0x000000008fe00000|100%| E|CS|TAMS 0x000000008fd00000, 0x000000008fd00000| Complete 
| 254|0x000000008fe00000, 0x000000008ff00000, 0x000000008ff00000|100%| E|CS|TAMS 0x000000008fe00000, 0x000000008fe00000| Complete 
| 255|0x000000008ff00000, 0x0000000090000000, 0x0000000090000000|100%| E|CS|TAMS 0x000000008ff00000, 0x000000008ff00000| Complete 
| 256|0x0000000090000000, 0x0000000090100000, 0x0000000090100000|100%| E|CS|TAMS 0x0000000090000000, 0x0000000090000000| Complete 
| 257|0x0000000090100000, 0x0000000090200000, 0x0000000090200000|100%| E|CS|TAMS 0x0000000090100000, 0x0000000090100000| Complete 
| 258|0x0000000090200000, 0x0000000090300000, 0x0000000090300000|100%| E|CS|TAMS 0x0000000090200000, 0x0000000090200000| Complete 
| 259|0x0000000090300000, 0x0000000090400000, 0x0000000090400000|100%| E|CS|TAMS 0x0000000090300000, 0x0000000090300000| Complete 
| 260|0x0000000090400000, 0x0000000090500000, 0x0000000090500000|100%| E|CS|TAMS 0x0000000090400000, 0x0000000090400000| Complete 
| 261|0x0000000090500000, 0x0000000090600000, 0x0000000090600000|100%| E|CS|TAMS 0x0000000090500000, 0x0000000090500000| Complete 
| 262|0x0000000090600000, 0x0000000090700000, 0x0000000090700000|100%| E|CS|TAMS 0x0000000090600000, 0x0000000090600000| Complete 
| 263|0x0000000090700000, 0x0000000090800000, 0x0000000090800000|100%| E|CS|TAMS 0x0000000090700000, 0x0000000090700000| Complete 
| 264|0x0000000090800000, 0x0000000090900000, 0x0000000090900000|100%| E|CS|TAMS 0x0000000090800000, 0x0000000090800000| Complete 
| 265|0x0000000090900000, 0x0000000090a00000, 0x0000000090a00000|100%| E|CS|TAMS 0x0000000090900000, 0x0000000090900000| Complete 
| 266|0x0000000090a00000, 0x0000000090b00000, 0x0000000090b00000|100%| E|CS|TAMS 0x0000000090a00000, 0x0000000090a00000| Complete 
| 267|0x0000000090b00000, 0x0000000090c00000, 0x0000000090c00000|100%| E|CS|TAMS 0x0000000090b00000, 0x0000000090b00000| Complete 
| 268|0x0000000090c00000, 0x0000000090d00000, 0x0000000090d00000|100%| E|CS|TAMS 0x0000000090c00000, 0x0000000090c00000| Complete 
| 269|0x0000000090d00000, 0x0000000090e00000, 0x0000000090e00000|100%| E|CS|TAMS 0x0000000090d00000, 0x0000000090d00000| Complete 
| 270|0x0000000090e00000, 0x0000000090f00000, 0x0000000090f00000|100%| E|CS|TAMS 0x0000000090e00000, 0x0000000090e00000| Complete 
| 271|0x0000000090f00000, 0x0000000091000000, 0x0000000091000000|100%| E|CS|TAMS 0x0000000090f00000, 0x0000000090f00000| Complete 
| 272|0x0000000091000000, 0x0000000091100000, 0x0000000091100000|100%| E|CS|TAMS 0x0000000091000000, 0x0000000091000000| Complete 
| 273|0x0000000091100000, 0x0000000091200000, 0x0000000091200000|100%| E|CS|TAMS 0x0000000091100000, 0x0000000091100000| Complete 
| 274|0x0000000091200000, 0x0000000091300000, 0x0000000091300000|100%| E|CS|TAMS 0x0000000091200000, 0x0000000091200000| Complete 
| 275|0x0000000091300000, 0x0000000091400000, 0x0000000091400000|100%| E|CS|TAMS 0x0000000091300000, 0x0000000091300000| Complete 
| 276|0x0000000091400000, 0x0000000091500000, 0x0000000091500000|100%| E|CS|TAMS 0x0000000091400000, 0x0000000091400000| Complete 
| 277|0x0000000091500000, 0x0000000091600000, 0x0000000091600000|100%| E|CS|TAMS 0x0000000091500000, 0x0000000091500000| Complete 
| 278|0x0000000091600000, 0x0000000091700000, 0x0000000091700000|100%| E|CS|TAMS 0x0000000091600000, 0x0000000091600000| Complete 
| 279|0x0000000091700000, 0x0000000091800000, 0x0000000091800000|100%| E|CS|TAMS 0x0000000091700000, 0x0000000091700000| Complete 
| 280|0x0000000091800000, 0x0000000091900000, 0x0000000091900000|100%| E|CS|TAMS 0x0000000091800000, 0x0000000091800000| Complete 
| 281|0x0000000091900000, 0x0000000091a00000, 0x0000000091a00000|100%| E|CS|TAMS 0x0000000091900000, 0x0000000091900000| Complete 
| 282|0x0000000091a00000, 0x0000000091b00000, 0x0000000091b00000|100%| E|CS|TAMS 0x0000000091a00000, 0x0000000091a00000| Complete 
| 283|0x0000000091b00000, 0x0000000091c00000, 0x0000000091c00000|100%| E|CS|TAMS 0x0000000091b00000, 0x0000000091b00000| Complete 
| 284|0x0000000091c00000, 0x0000000091d00000, 0x0000000091d00000|100%| E|CS|TAMS 0x0000000091c00000, 0x0000000091c00000| Complete 
|2046|0x00000000ffe00000, 0x00000000fff00000, 0x00000000fff00000|100%| O|  |TAMS 0x00000000ffe00000, 0x00000000ffe00000| Untracked 
|2047|0x00000000fff00000, 0x0000000100000000, 0x0000000100000000|100%| O|  |TAMS 0x00000000fff00000, 0x00000000fff00000| Untracked 

Card table byte_map: [0x0000029d7f1d0000,0x0000029d7f5d0000] _byte_map_base: 0x0000029d7edd0000

Marking Bits (Prev, Next): (CMBitMap*) 0x0000029d6c959e30, (CMBitMap*) 0x0000029d6c959e70
 Prev Bits: [0x0000029d00000000, 0x0000029d02000000)
 Next Bits: [0x0000029d02000000, 0x0000029d04000000)

Polling page: 0x0000029d6c0d0000

Metaspace:

Usage:
  Non-class:     84.22 MB used.
      Class:     13.11 MB used.
       Both:     97.33 MB used.

Virtual space:
  Non-class space:       88.00 MB reserved,      84.50 MB ( 96%) committed,  11 nodes.
      Class space:        1.00 GB reserved,      13.44 MB (  1%) committed,  1 nodes.
             Both:        1.09 GB reserved,      97.94 MB (  9%) committed. 

Chunk freelists:
   Non-Class:  3.12 MB
       Class:  2.45 MB
        Both:  5.58 MB

MaxMetaspaceSize: unlimited
CompressedClassSpaceSize: 1.00 GB
Initial GC threshold: 21.00 MB
Current GC threshold: 162.12 MB
CDS: off
MetaspaceReclaimPolicy: balanced
 - commit_granule_bytes: 65536.
 - commit_granule_words: 8192.
 - virtual_space_node_default_size: 1048576.
 - enlarge_chunks_in_place: 1.
 - new_chunks_are_fully_committed: 0.
 - uncommit_free_chunks: 1.
 - use_allocation_guard: 0.
 - handle_deallocations: 1.


Internal statistics:

num_allocs_failed_limit: 6.
num_arena_births: 924.
num_arena_deaths: 2.
num_vsnodes_births: 12.
num_vsnodes_deaths: 0.
num_space_committed: 1567.
num_space_uncommitted: 0.
num_chunks_returned_to_freelist: 9.
num_chunks_taken_from_freelist: 4596.
num_chunk_merges: 6.
num_chunk_splits: 3049.
num_chunks_enlarged: 2073.
num_purges: 2.
num_inconsistent_stats: 0.

CodeHeap 'non-profiled nmethods': size=120000Kb used=6031Kb max_used=6031Kb free=113968Kb
 bounds [0x0000029d778a0000, 0x0000029d77e90000, 0x0000029d7edd0000]
CodeHeap 'profiled nmethods': size=120000Kb used=22176Kb max_used=22176Kb free=97823Kb
 bounds [0x0000029d6fdd0000, 0x0000029d71380000, 0x0000029d77300000]
CodeHeap 'non-nmethods': size=5760Kb used=2389Kb max_used=2439Kb free=3370Kb
 bounds [0x0000029d77300000, 0x0000029d77570000, 0x0000029d778a0000]
 total_blobs=12116 nmethods=11190 adapters=839
 compilation: enabled
              stopped_count=0, restarted_count=0
 full_count=0

Compilation events (20 events):
Event: 135.024 Thread 0x0000029d06843e30 12881       3       org.apache.xerces.parsers.DOMParser::<init> (64 bytes)
Event: 135.025 Thread 0x0000029d06843e30 nmethod 12881 0x0000029d71367d90 code [0x0000029d71367fa0, 0x0000029d71368608]
Event: 135.025 Thread 0x0000029d06843e30 12882       3       org.apache.xerces.parsers.AbstractDOMParser::<init> (173 bytes)
Event: 135.027 Thread 0x0000029d06843e30 nmethod 12882 0x0000029d71368890 code [0x0000029d71368ba0, 0x0000029d71369f78]
Event: 135.027 Thread 0x0000029d06843e30 12883   !   3       org.apache.xerces.parsers.DOMParser::getErrorHandler (42 bytes)
Event: 135.029 Thread 0x0000029d06843e30 nmethod 12883 0x0000029d7136a590 code [0x0000029d7136a7a0, 0x0000029d7136b108]
Event: 135.029 Thread 0x0000029d06843e30 12884       3       org.apache.xerces.jaxp.DocumentBuilderImpl::setFeatures (73 bytes)
Event: 135.030 Thread 0x0000029d06843e30 nmethod 12884 0x0000029d7136b410 code [0x0000029d7136b640, 0x0000029d7136c028]
Event: 135.030 Thread 0x0000029d06843e30 12885       3       org.apache.xerces.jaxp.DocumentBuilderImpl::setDocumentBuilderFactoryAttributes (244 bytes)
Event: 135.033 Thread 0x0000029d06843e30 nmethod 12885 0x0000029d7136c310 code [0x0000029d7136c700, 0x0000029d7136e238]
Event: 135.055 Thread 0x0000029d06843e30 12886       3       java.lang.String::format (16 bytes)
Event: 135.057 Thread 0x0000029d06843e30 nmethod 12886 0x0000029d7136e990 code [0x0000029d7136ebc0, 0x0000029d7136f328]
Event: 135.075 Thread 0x0000029d06843e30 12887       3       com.google.common.cache.LocalCache::usesKeyReferences (16 bytes)
Event: 135.076 Thread 0x0000029d06843e30 nmethod 12887 0x0000029d7136f610 code [0x0000029d7136f7a0, 0x0000029d7136f918]
Event: 135.076 Thread 0x0000029d06843e30 12889       3       com.google.common.cache.LocalCache::unset (4 bytes)
Event: 135.076 Thread 0x0000029d06843e30 nmethod 12889 0x0000029d70a6c190 code [0x0000029d70a6c320, 0x0000029d70a6c418]
Event: 135.076 Thread 0x0000029d06843e30 12888       3       com.google.common.cache.LocalCache::usesValueReferences (16 bytes)
Event: 135.077 Thread 0x0000029d06843e30 nmethod 12888 0x0000029d7136f990 code [0x0000029d7136fb20, 0x0000029d7136fc98]
Event: 135.087 Thread 0x0000029d06843e30 12890       3       java.lang.Long::toString (55 bytes)
Event: 135.087 Thread 0x0000029d06843e30 nmethod 12890 0x0000029d7136fd10 code [0x0000029d7136fee0, 0x0000029d71370258]

GC Heap History (20 events):
Event: 125.431 GC heap before
{Heap before GC invocations=75 (full 0):
 garbage-first heap   total 121856K, used 105591K [0x0000000080000000, 0x0000000100000000)
  region size 1024K, 6 young (6144K), 1 survivors (1024K)
 Metaspace       used 98876K, committed 99520K, reserved 1138688K
  class space    used 13358K, committed 13696K, reserved 1048576K
}
Event: 125.437 GC heap after
{Heap after GC invocations=76 (full 0):
 garbage-first heap   total 121856K, used 102248K [0x0000000080000000, 0x0000000100000000)
  region size 1024K, 1 young (1024K), 1 survivors (1024K)
 Metaspace       used 98876K, committed 99520K, reserved 1138688K
  class space    used 13358K, committed 13696K, reserved 1048576K
}
Event: 126.240 GC heap before
{Heap before GC invocations=76 (full 0):
 garbage-first heap   total 121856K, used 106344K [0x0000000080000000, 0x0000000100000000)
  region size 1024K, 5 young (5120K), 1 survivors (1024K)
 Metaspace       used 98890K, committed 99584K, reserved 1138688K
  class space    used 13358K, committed 13696K, reserved 1048576K
}
Event: 126.246 GC heap after
{Heap after GC invocations=77 (full 0):
 garbage-first heap   total 121856K, used 104391K [0x0000000080000000, 0x0000000100000000)
  region size 1024K, 1 young (1024K), 1 survivors (1024K)
 Metaspace       used 98890K, committed 99584K, reserved 1138688K
  class space    used 13358K, committed 13696K, reserved 1048576K
}
Event: 126.820 GC heap before
{Heap before GC invocations=77 (full 0):
 garbage-first heap   total 121856K, used 108487K [0x0000000080000000, 0x0000000100000000)
  region size 1024K, 5 young (5120K), 1 survivors (1024K)
 Metaspace       used 98901K, committed 99584K, reserved 1138688K
  class space    used 13358K, committed 13696K, reserved 1048576K
}
Event: 126.825 GC heap after
{Heap after GC invocations=78 (full 0):
 garbage-first heap   total 121856K, used 105972K [0x0000000080000000, 0x0000000100000000)
  region size 1024K, 1 young (1024K), 1 survivors (1024K)
 Metaspace       used 98901K, committed 99584K, reserved 1138688K
  class space    used 13358K, committed 13696K, reserved 1048576K
}
Event: 127.359 GC heap before
{Heap before GC invocations=78 (full 0):
 garbage-first heap   total 121856K, used 109044K [0x0000000080000000, 0x0000000100000000)
  region size 1024K, 5 young (5120K), 1 survivors (1024K)
 Metaspace       used 98938K, committed 99584K, reserved 1138688K
  class space    used 13358K, committed 13696K, reserved 1048576K
}
Event: 127.365 GC heap after
{Heap after GC invocations=79 (full 0):
 garbage-first heap   total 121856K, used 107451K [0x0000000080000000, 0x0000000100000000)
  region size 1024K, 1 young (1024K), 1 survivors (1024K)
 Metaspace       used 98938K, committed 99584K, reserved 1138688K
  class space    used 13358K, committed 13696K, reserved 1048576K
}
Event: 127.590 GC heap before
{Heap before GC invocations=79 (full 0):
 garbage-first heap   total 121856K, used 110523K [0x0000000080000000, 0x0000000100000000)
  region size 1024K, 5 young (5120K), 1 survivors (1024K)
 Metaspace       used 98950K, committed 99584K, reserved 1138688K
  class space    used 13358K, committed 13696K, reserved 1048576K
}
Event: 127.597 GC heap after
{Heap after GC invocations=80 (full 0):
 garbage-first heap   total 121856K, used 109308K [0x0000000080000000, 0x0000000100000000)
  region size 1024K, 1 young (1024K), 1 survivors (1024K)
 Metaspace       used 98950K, committed 99584K, reserved 1138688K
  class space    used 13358K, committed 13696K, reserved 1048576K
}
Event: 127.627 GC heap before
{Heap before GC invocations=80 (full 0):
 garbage-first heap   total 121856K, used 116476K [0x0000000080000000, 0x0000000100000000)
  region size 1024K, 2 young (2048K), 1 survivors (1024K)
 Metaspace       used 98950K, committed 99584K, reserved 1138688K
  class space    used 13358K, committed 13696K, reserved 1048576K
}
Event: 127.630 GC heap after
{Heap after GC invocations=81 (full 0):
 garbage-first heap   total 121856K, used 112654K [0x0000000080000000, 0x0000000100000000)
  region size 1024K, 1 young (1024K), 1 survivors (1024K)
 Metaspace       used 98950K, committed 99584K, reserved 1138688K
  class space    used 13358K, committed 13696K, reserved 1048576K
}
Event: 127.930 GC heap before
{Heap before GC invocations=81 (full 0):
 garbage-first heap   total 121856K, used 117774K [0x0000000080000000, 0x0000000100000000)
  region size 1024K, 5 young (5120K), 1 survivors (1024K)
 Metaspace       used 98951K, committed 99584K, reserved 1138688K
  class space    used 13358K, committed 13696K, reserved 1048576K
}
Event: 127.941 GC heap after
{Heap after GC invocations=82 (full 0):
 garbage-first heap   total 123904K, used 116396K [0x0000000080000000, 0x0000000100000000)
  region size 1024K, 1 young (1024K), 1 survivors (1024K)
 Metaspace       used 98951K, committed 99584K, reserved 1138688K
  class space    used 13358K, committed 13696K, reserved 1048576K
}
Event: 128.193 GC heap before
{Heap before GC invocations=82 (full 0):
 garbage-first heap   total 123904K, used 118444K [0x0000000080000000, 0x0000000100000000)
  region size 1024K, 4 young (4096K), 1 survivors (1024K)
 Metaspace       used 98954K, committed 99584K, reserved 1138688K
  class space    used 13358K, committed 13696K, reserved 1048576K
}
Event: 128.204 GC heap after
{Heap after GC invocations=83 (full 0):
 garbage-first heap   total 123904K, used 118001K [0x0000000080000000, 0x0000000100000000)
  region size 1024K, 1 young (1024K), 1 survivors (1024K)
 Metaspace       used 98954K, committed 99584K, reserved 1138688K
  class space    used 13358K, committed 13696K, reserved 1048576K
}
Event: 128.755 GC heap before
{Heap before GC invocations=84 (full 0):
 garbage-first heap   total 199680K, used 123121K [0x0000000080000000, 0x0000000100000000)
  region size 1024K, 6 young (6144K), 1 survivors (1024K)
 Metaspace       used 98954K, committed 99584K, reserved 1138688K
  class space    used 13358K, committed 13696K, reserved 1048576K
}
Event: 128.764 GC heap after
{Heap after GC invocations=85 (full 0):
 garbage-first heap   total 199680K, used 120415K [0x0000000080000000, 0x0000000100000000)
  region size 1024K, 1 young (1024K), 1 survivors (1024K)
 Metaspace       used 98954K, committed 99584K, reserved 1138688K
  class space    used 13358K, committed 13696K, reserved 1048576K
}
Event: 129.322 GC heap before
{Heap before GC invocations=85 (full 0):
 garbage-first heap   total 199680K, used 127583K [0x0000000080000000, 0x0000000100000000)
  region size 1024K, 9 young (9216K), 1 survivors (1024K)
 Metaspace       used 98958K, committed 99648K, reserved 1138688K
  class space    used 13358K, committed 13696K, reserved 1048576K
}
Event: 129.345 GC heap after
{Heap after GC invocations=86 (full 0):
 garbage-first heap   total 293888K, used 123576K [0x0000000080000000, 0x0000000100000000)
  region size 1024K, 2 young (2048K), 2 survivors (2048K)
 Metaspace       used 98958K, committed 99648K, reserved 1138688K
  class space    used 13358K, committed 13696K, reserved 1048576K
}

Dll operation events (2 events):
Event: 0.021 Loaded shared library C:\Program Files\Android\Android Studio2\jbr\bin\java.dll
Event: 1.280 Loaded shared library C:\Program Files\Android\Android Studio2\jbr\bin\verify.dll

Deoptimization events (20 events):
Event: 133.735 Thread 0x0000029d09933220 DEOPT PACKING pc=0x0000029d71325003 sp=0x000000ff6ebfa230
Event: 133.735 Thread 0x0000029d09933220 DEOPT UNPACKING pc=0x0000029d77357143 sp=0x000000ff6ebf96a0 mode 0
Event: 133.749 Thread 0x0000029d09933220 DEOPT PACKING pc=0x0000029d71325003 sp=0x000000ff6ebfa230
Event: 133.749 Thread 0x0000029d09933220 DEOPT UNPACKING pc=0x0000029d77357143 sp=0x000000ff6ebf96a0 mode 0
Event: 133.792 Thread 0x0000029d09933220 Uncommon trap: trap_request=0xffffffde fr.pc=0x0000029d77e6e9cc relative=0x0000000000003b0c
Event: 133.792 Thread 0x0000029d09933220 Uncommon trap: reason=class_check action=maybe_recompile pc=0x0000029d77e6e9cc method=org.apache.xerces.dom.NodeImpl.getUserData(Ljava/lang/String;)Ljava/lang/Object; @ 1 c2
Event: 133.792 Thread 0x0000029d09933220 DEOPT PACKING pc=0x0000029d77e6e9cc sp=0x000000ff6ebfa600
Event: 133.792 Thread 0x0000029d09933220 DEOPT UNPACKING pc=0x0000029d773569a3 sp=0x000000ff6ebfa4f8 mode 2
Event: 133.800 Thread 0x0000029d09933220 Uncommon trap: trap_request=0xffffff45 fr.pc=0x0000029d77e6e820 relative=0x0000000000003960
Event: 133.800 Thread 0x0000029d09933220 Uncommon trap: reason=unstable_if action=reinterpret pc=0x0000029d77e6e820 method=java.lang.String.lastIndexOf(II)I @ 4 c2
Event: 133.800 Thread 0x0000029d09933220 DEOPT PACKING pc=0x0000029d77e6e820 sp=0x000000ff6ebfa460
Event: 133.800 Thread 0x0000029d09933220 DEOPT UNPACKING pc=0x0000029d773569a3 sp=0x000000ff6ebfa2e0 mode 2
Event: 133.801 Thread 0x0000029d09933220 Uncommon trap: trap_request=0xffffffde fr.pc=0x0000029d77e6e9cc relative=0x0000000000003b0c
Event: 133.802 Thread 0x0000029d09933220 Uncommon trap: reason=class_check action=maybe_recompile pc=0x0000029d77e6e9cc method=org.apache.xerces.dom.NodeImpl.getUserData(Ljava/lang/String;)Ljava/lang/Object; @ 1 c2
Event: 133.802 Thread 0x0000029d09933220 DEOPT PACKING pc=0x0000029d77e6e9cc sp=0x000000ff6ebfa600
Event: 133.802 Thread 0x0000029d09933220 DEOPT UNPACKING pc=0x0000029d773569a3 sp=0x000000ff6ebfa4f8 mode 2
Event: 133.817 Thread 0x0000029d09933220 DEOPT PACKING pc=0x0000029d71325003 sp=0x000000ff6ebfa230
Event: 133.817 Thread 0x0000029d09933220 DEOPT UNPACKING pc=0x0000029d77357143 sp=0x000000ff6ebf96a0 mode 0
Event: 134.596 Thread 0x0000029d09933220 DEOPT PACKING pc=0x0000029d711fb58b sp=0x000000ff6ebfa500
Event: 134.596 Thread 0x0000029d09933220 DEOPT UNPACKING pc=0x0000029d77357143 sp=0x000000ff6ebf99c0 mode 0

Classes unloaded (1 events):
Event: 128.242 Thread 0x0000029d7fee06f0 Unloading class 0x0000000100d1c000 'java/lang/invoke/LambdaForm$DMH+0x0000000100d1c000'

Classes redefined (0 events):
No events

Internal exceptions (20 events):
Event: 101.236 Thread 0x0000029d09285630 Exception <a 'java/lang/NoSuchMethodError'{0x0000000087302468}: static Lorg/gradle/internal/build/event/types/DefaultTaskDescriptor;.<clinit>()V> (0x0000000087302468) 
thrown [s\src\hotspot\share\prims\jni.cpp, line 1108]
Event: 101.272 Thread 0x0000029d09932d50 Exception <a 'java/lang/IncompatibleClassChangeError'{0x0000000087341438}: Found class java.lang.Object, but interface was expected> (0x0000000087341438) 
thrown [s\src\hotspot\share\interpreter\linkResolver.cpp, line 838]
Event: 102.045 Thread 0x0000029d09932d50 Exception <a 'java/lang/IncompatibleClassChangeError'{0x00000000872c4e30}: Found class java.lang.Object, but interface was expected> (0x00000000872c4e30) 
thrown [s\src\hotspot\share\interpreter\linkResolver.cpp, line 838]
Event: 102.199 Thread 0x0000029d09932d50 Exception <a 'java/lang/NoSuchMethodError'{0x00000000871f46d8}: 'int java.lang.invoke.DirectMethodHandle$Holder.invokeStaticInit(java.lang.Object, java.lang.Object, java.lang.Object, java.lang.Object, java.lang.Object)'> (0x00000000871f46d8) 
thrown [s\src\hotspot\share\interpreter\linkResolver.cpp, line 771]
Event: 102.360 Thread 0x0000029d09285630 Exception <a 'java/lang/NoSuchMethodError'{0x00000000870c41e0}: static Lorg/gradle/internal/build/event/types/DefaultTaskFinishedProgressEvent;.<clinit>()V> (0x00000000870c41e0) 
thrown [s\src\hotspot\share\prims\jni.cpp, line 1108]
Event: 102.364 Thread 0x0000029d09285630 Exception <a 'java/lang/NoSuchMethodError'{0x00000000870d9008}: static Lorg/gradle/internal/build/event/types/DefaultTaskSuccessResult;.<clinit>()V> (0x00000000870d9008) 
thrown [s\src\hotspot\share\prims\jni.cpp, line 1108]
Event: 102.364 Thread 0x0000029d09285630 Exception <a 'java/lang/NoSuchMethodError'{0x00000000870da700}: static Lorg/gradle/internal/build/event/types/AbstractTaskResult;.<clinit>()V> (0x00000000870da700) 
thrown [s\src\hotspot\share\prims\jni.cpp, line 1108]
Event: 102.423 Thread 0x0000029d09934a30 Exception <a 'sun/nio/fs/WindowsException'{0x0000000086f4dd48}> (0x0000000086f4dd48) 
thrown [s\src\hotspot\share\prims\jni.cpp, line 517]
Event: 102.471 Thread 0x0000029d09285630 Exception <a 'java/lang/NoSuchMethodError'{0x0000000086ff6a28}: static Lorg/gradle/internal/build/event/types/DefaultTaskSkippedResult;.<clinit>()V> (0x0000000086ff6a28) 
thrown [s\src\hotspot\share\prims\jni.cpp, line 1108]
Event: 102.489 Thread 0x0000029d09939260 Exception <a 'java/lang/NoSuchMethodError'{0x0000000086e4c660}: static Lcom/android/buildanalyzer/common/AndroidGradlePluginAttributionData$BuildInfo;.<clinit>()V> (0x0000000086e4c660) 
thrown [s\src\hotspot\share\prims\jni.cpp, line 1108]
Event: 102.495 Thread 0x0000029d09939260 Exception <a 'java/lang/NoSuchMethodError'{0x0000000086e63360}: static Lcom/android/buildanalyzer/common/AndroidGradlePluginAttributionData$JavaInfo;.<clinit>()V> (0x0000000086e63360) 
thrown [s\src\hotspot\share\prims\jni.cpp, line 1108]
Event: 102.555 Thread 0x0000029d09939260 Exception <a 'java/lang/NoSuchMethodError'{0x0000000086e99ec8}: static [Ljava/lang/String;.<clinit>()V> (0x0000000086e99ec8) 
thrown [s\src\hotspot\share\prims\jni.cpp, line 1108]
Event: 102.559 Thread 0x0000029d09939260 Exception <a 'java/lang/NoSuchMethodError'{0x0000000086ebd500}: static Lcom/android/buildanalyzer/common/AndroidGradlePluginAttributionData$TaskInfo;.<clinit>()V> (0x0000000086ebd500) 
thrown [s\src\hotspot\share\prims\jni.cpp, line 1108]
Event: 102.569 Thread 0x0000029d09939260 Exception <a 'java/lang/NoSuchMethodError'{0x0000000086ede8f0}: static Lcom/android/buildanalyzer/common/AndroidGradlePluginAttributionData$TaskCategoryInfo;.<clinit>()V> (0x0000000086ede8f0) 
thrown [s\src\hotspot\share\prims\jni.cpp, line 1108]
Event: 102.594 Thread 0x0000029d09939260 Exception <a 'java/lang/NoSuchMethodError'{0x0000000086d4df50}: 'void java.lang.invoke.DirectMethodHandle$Holder.invokeSpecial(java.lang.Object, java.lang.Object, java.lang.Object, int)'> (0x0000000086d4df50) 
thrown [s\src\hotspot\share\interpreter\linkResolver.cpp, line 771]
Event: 108.354 Thread 0x0000029d09934a30 Exception <a 'java/lang/NoSuchMethodError'{0x0000000087644d78}: 'void java.lang.invoke.DirectMethodHandle$Holder.invokeStatic(java.lang.Object, java.lang.Object, java.lang.Object, java.lang.Object, int, java.lang.Object, java.lang.Object)'> (0x0000000087644d78) 
thrown [s\src\hotspot\share\interpreter\linkResolver.cpp, line 771]
Event: 108.494 Thread 0x0000029d097b2ac0 Exception <a 'java/lang/NoSuchMethodError'{0x0000000087441558}: 'java.lang.Object java.lang.invoke.DirectMethodHandle$Holder.invokeSpecialIFC(java.lang.Object, java.lang.Object, java.lang.Object)'> (0x0000000087441558) 
thrown [s\src\hotspot\share\interpreter\linkResolver.cpp, line 771]
Event: 108.494 Thread 0x0000029d09934a30 Exception <a 'java/lang/NoSuchMethodError'{0x00000000875acf88}: 'java.lang.Object java.lang.invoke.DirectMethodHandle$Holder.invokeSpecialIFC(java.lang.Object, java.lang.Object, java.lang.Object)'> (0x00000000875acf88) 
thrown [s\src\hotspot\share\interpreter\linkResolver.cpp, line 771]
Event: 121.391 Thread 0x0000029d09933220 Exception <a 'java/lang/NoSuchMethodError'{0x0000000087112708}: 'void java.lang.invoke.DirectMethodHandle$Holder.invokeVirtual(java.lang.Object, java.lang.Object)'> (0x0000000087112708) 
thrown [s\src\hotspot\share\interpreter\linkResolver.cpp, line 771]
Event: 130.905 Thread 0x0000029d09933220 Implicit null exception at 0x0000029d77e24644 to 0x0000029d77e25114

VM Operations (20 events):
Event: 128.755 Executing VM operation: G1CollectForAllocation
Event: 128.764 Executing VM operation: G1CollectForAllocation done
Event: 129.322 Executing VM operation: G1CollectForAllocation
Event: 129.345 Executing VM operation: G1CollectForAllocation done
Event: 130.357 Executing VM operation: Cleanup
Event: 130.358 Executing VM operation: Cleanup done
Event: 130.793 Executing VM operation: HandshakeAllThreads
Event: 130.793 Executing VM operation: HandshakeAllThreads done
Event: 131.146 Executing VM operation: HandshakeAllThreads
Event: 131.146 Executing VM operation: HandshakeAllThreads done
Event: 131.378 Executing VM operation: HandshakeAllThreads
Event: 131.379 Executing VM operation: HandshakeAllThreads done
Event: 131.379 Executing VM operation: Cleanup
Event: 131.379 Executing VM operation: Cleanup done
Event: 132.385 Executing VM operation: Cleanup
Event: 132.385 Executing VM operation: Cleanup done
Event: 133.387 Executing VM operation: Cleanup
Event: 133.387 Executing VM operation: Cleanup done
Event: 134.392 Executing VM operation: Cleanup
Event: 134.392 Executing VM operation: Cleanup done

Events (20 events):
Event: 130.377 loading class java/util/stream/Node$Builder$OfInt done
Event: 130.377 loading class java/util/stream/Nodes$IntArrayNode
Event: 130.378 loading class java/util/stream/Nodes$IntArrayNode done
Event: 130.378 loading class java/util/stream/Nodes$IntFixedNodeBuilder done
Event: 130.689 loading class java/util/concurrent/ConcurrentLinkedDeque
Event: 130.691 loading class java/util/concurrent/ConcurrentLinkedDeque done
Event: 130.691 loading class java/util/concurrent/ConcurrentLinkedDeque$Node
Event: 130.691 loading class java/util/concurrent/ConcurrentLinkedDeque$Node done
Event: 131.390 loading class org/w3c/dom/DOMImplementation
Event: 131.390 loading class org/w3c/dom/DOMImplementation done
Event: 131.391 loading class org/w3c/dom/ls/DOMImplementationLS
Event: 131.391 loading class org/w3c/dom/ls/DOMImplementationLS done
Event: 131.392 loading class org/w3c/dom/ls/LSOutput
Event: 131.393 loading class org/w3c/dom/ls/LSOutput done
Event: 131.393 loading class org/w3c/dom/ls/LSParser
Event: 131.393 loading class org/w3c/dom/ls/LSParser done
Event: 131.393 loading class org/w3c/dom/ls/LSInput
Event: 131.393 loading class org/w3c/dom/ls/LSInput done
Event: 131.394 loading class org/w3c/dom/ls/LSSerializer
Event: 131.394 loading class org/w3c/dom/ls/LSSerializer done


Dynamic libraries:
0x00007ff761490000 - 0x00007ff76149a000 	C:\Program Files\Android\Android Studio2\jbr\bin\java.exe
0x00007ff945850000 - 0x00007ff945a48000 	C:\Windows\SYSTEM32\ntdll.dll
0x00007ff944a50000 - 0x00007ff944b0f000 	C:\Windows\System32\KERNEL32.DLL
0x00007ff9431f0000 - 0x00007ff9434e6000 	C:\Windows\System32\KERNELBASE.dll
0x00007ff943040000 - 0x00007ff943140000 	C:\Windows\System32\ucrtbase.dll
0x00007ff93bff0000 - 0x00007ff93c007000 	C:\Program Files\Android\Android Studio2\jbr\bin\jli.dll
0x00007ff93be00000 - 0x00007ff93be1b000 	C:\Program Files\Android\Android Studio2\jbr\bin\VCRUNTIME140.dll
0x00007ff944ea0000 - 0x00007ff94503d000 	C:\Windows\System32\USER32.dll
0x00007ff942f30000 - 0x00007ff942f52000 	C:\Windows\System32\win32u.dll
0x00007ff9318a0000 - 0x00007ff931b3a000 	C:\Windows\WinSxS\amd64_microsoft.windows.common-controls_6595b64144ccf1df_6.0.19041.1110_none_60b5254171f9507e\COMCTL32.dll
0x00007ff944e70000 - 0x00007ff944e9c000 	C:\Windows\System32\GDI32.dll
0x00007ff944040000 - 0x00007ff9440de000 	C:\Windows\System32\msvcrt.dll
0x00007ff943590000 - 0x00007ff9436a5000 	C:\Windows\System32\gdi32full.dll
0x00007ff9436b0000 - 0x00007ff94374d000 	C:\Windows\System32\msvcp_win.dll
0x00007ff9456b0000 - 0x00007ff9456e0000 	C:\Windows\System32\IMM32.DLL
0x00007ff93e720000 - 0x00007ff93e72c000 	C:\Program Files\Android\Android Studio2\jbr\bin\vcruntime140_1.dll
0x00007ff919ea0000 - 0x00007ff919f2d000 	C:\Program Files\Android\Android Studio2\jbr\bin\msvcp140.dll
0x00007ff908d70000 - 0x00007ff9099dd000 	C:\Program Files\Android\Android Studio2\jbr\bin\server\jvm.dll
0x00007ff9450a0000 - 0x00007ff94514f000 	C:\Windows\System32\ADVAPI32.dll
0x00007ff943f30000 - 0x00007ff943fcc000 	C:\Windows\System32\sechost.dll
0x00007ff9456e0000 - 0x00007ff945806000 	C:\Windows\System32\RPCRT4.dll
0x00007ff93e730000 - 0x00007ff93e739000 	C:\Windows\SYSTEM32\WSOCK32.dll
0x00007ff938d50000 - 0x00007ff938d77000 	C:\Windows\SYSTEM32\WINMM.dll
0x00007ff944bc0000 - 0x00007ff944c2b000 	C:\Windows\System32\WS2_32.dll
0x00007ff938d80000 - 0x00007ff938d8a000 	C:\Windows\SYSTEM32\VERSION.dll
0x00007ff940d10000 - 0x00007ff940d22000 	C:\Windows\SYSTEM32\kernel.appcore.dll
0x00007ff93ebe0000 - 0x00007ff93ebea000 	C:\Program Files\Android\Android Studio2\jbr\bin\jimage.dll
0x00007ff92ff00000 - 0x00007ff9300e4000 	C:\Windows\SYSTEM32\DBGHELP.DLL
0x00007ff92da50000 - 0x00007ff92da84000 	C:\Windows\SYSTEM32\dbgcore.DLL
0x00007ff942fb0000 - 0x00007ff943032000 	C:\Windows\System32\bcryptPrimitives.dll
0x00007ff93e460000 - 0x00007ff93e485000 	C:\Program Files\Android\Android Studio2\jbr\bin\java.dll
0x00007ff93ea50000 - 0x00007ff93ea68000 	C:\Program Files\Android\Android Studio2\jbr\bin\zip.dll
0x00007ff9442f0000 - 0x00007ff944a34000 	C:\Windows\System32\SHELL32.dll
0x00007ff940ff0000 - 0x00007ff941783000 	C:\Windows\SYSTEM32\windows.storage.dll
0x00007ff945150000 - 0x00007ff9454a4000 	C:\Windows\System32\combase.dll
0x00007ff9428b0000 - 0x00007ff9428de000 	C:\Windows\SYSTEM32\Wldp.dll
0x00007ff944b10000 - 0x00007ff944bbd000 	C:\Windows\System32\SHCORE.dll
0x00007ff945040000 - 0x00007ff945095000 	C:\Windows\System32\shlwapi.dll
0x00007ff942e70000 - 0x00007ff942e8f000 	C:\Windows\SYSTEM32\profapi.dll
0x00007ff93dd10000 - 0x00007ff93dd29000 	C:\Program Files\Android\Android Studio2\jbr\bin\net.dll
0x00007ff938100000 - 0x00007ff93820a000 	C:\Windows\SYSTEM32\WINHTTP.dll
0x00007ff942610000 - 0x00007ff94267a000 	C:\Windows\system32\mswsock.dll
0x00007ff93c350000 - 0x00007ff93c366000 	C:\Program Files\Android\Android Studio2\jbr\bin\nio.dll
0x00007ff93ea70000 - 0x00007ff93ea80000 	C:\Program Files\Android\Android Studio2\jbr\bin\verify.dll
0x00007ff9305b0000 - 0x00007ff9305d7000 	C:\Users\Nicoll\.gradle\native\68d5fa5c4cc2d200863cafc0d521ce42e7d3e7ee720ec0a83991735586a16f82\windows-amd64\native-platform.dll
0x00007ff9127f0000 - 0x00007ff912934000 	C:\Users\Nicoll\.gradle\native\e376f236ea51e6404a007f0833ffe2c6e607c4080706a723a18a27aeea778392\windows-amd64\native-platform-file-events.dll
0x00007ff940770000 - 0x00007ff940779000 	C:\Program Files\Android\Android Studio2\jbr\bin\management.dll
0x00007ff93ea80000 - 0x00007ff93ea8b000 	C:\Program Files\Android\Android Studio2\jbr\bin\management_ext.dll
0x00007ff944a40000 - 0x00007ff944a48000 	C:\Windows\System32\PSAPI.DLL
0x00007ff942810000 - 0x00007ff942828000 	C:\Windows\SYSTEM32\CRYPTSP.dll
0x00007ff941f30000 - 0x00007ff941f64000 	C:\Windows\system32\rsaenh.dll
0x00007ff9434f0000 - 0x00007ff943517000 	C:\Windows\System32\bcrypt.dll
0x00007ff942df0000 - 0x00007ff942e1e000 	C:\Windows\SYSTEM32\USERENV.dll
0x00007ff942800000 - 0x00007ff94280c000 	C:\Windows\SYSTEM32\CRYPTBASE.dll
0x00007ff942300000 - 0x00007ff94233c000 	C:\Windows\SYSTEM32\IPHLPAPI.DLL
0x00007ff944030000 - 0x00007ff944038000 	C:\Windows\System32\NSI.dll
0x00007ff938ca0000 - 0x00007ff938cb7000 	C:\Windows\SYSTEM32\dhcpcsvc6.DLL
0x00007ff938950000 - 0x00007ff93896d000 	C:\Windows\SYSTEM32\dhcpcsvc.DLL
0x00007ff942340000 - 0x00007ff94240b000 	C:\Windows\SYSTEM32\DNSAPI.dll
0x00007ff93ea30000 - 0x00007ff93ea37000 	C:\Windows\system32\wshunix.dll
0x00007ff926480000 - 0x00007ff926497000 	C:\Windows\system32\napinsp.dll
0x00007ff923530000 - 0x00007ff92354b000 	C:\Windows\system32\pnrpnsp.dll
0x00007ff93cd00000 - 0x00007ff93cd15000 	C:\Windows\system32\wshbth.dll
0x00007ff93e8a0000 - 0x00007ff93e8bd000 	C:\Windows\system32\NLAapi.dll
0x00007ff923510000 - 0x00007ff923522000 	C:\Windows\System32\winrnr.dll
0x00007ff933eb0000 - 0x00007ff933eba000 	C:\Windows\System32\rasadhlp.dll
0x00007ff933dc0000 - 0x00007ff933e42000 	C:\Windows\System32\fwpuclnt.dll

dbghelp: loaded successfully - version: 4.0.5 - missing functions: none
symbol engine: initialized successfully - sym options: 0x614 - pdb path: .;C:\Program Files\Android\Android Studio2\jbr\bin;C:\Windows\SYSTEM32;C:\Windows\WinSxS\amd64_microsoft.windows.common-controls_6595b64144ccf1df_6.0.19041.1110_none_60b5254171f9507e;C:\Program Files\Android\Android Studio2\jbr\bin\server;C:\Users\Nicoll\.gradle\native\68d5fa5c4cc2d200863cafc0d521ce42e7d3e7ee720ec0a83991735586a16f82\windows-amd64;C:\Users\Nicoll\.gradle\native\e376f236ea51e6404a007f0833ffe2c6e607c4080706a723a18a27aeea778392\windows-amd64

VM Arguments:
jvm_args: --add-opens=java.base/java.util=ALL-UNNAMED --add-opens=java.base/java.lang=ALL-UNNAMED --add-opens=java.base/java.lang.invoke=ALL-UNNAMED --add-opens=java.prefs/java.util.prefs=ALL-UNNAMED --add-opens=java.base/java.nio.charset=ALL-UNNAMED --add-opens=java.base/java.net=ALL-UNNAMED --add-opens=java.base/java.util.concurrent.atomic=ALL-UNNAMED -Xmx2048m -Dfile.encoding=UTF-8 -Duser.country=419 -Duser.language=es -Duser.variant 
java_command: org.gradle.launcher.daemon.bootstrap.GradleDaemon 8.0
java_class_path (initial): C:\Users\Nicoll\.gradle\wrapper\dists\gradle-8.0-bin\ca5e32bp14vu59qr306oxotwh\gradle-8.0\lib\gradle-launcher-8.0.jar
Launcher Type: SUN_STANDARD

[Global flags]
     intx CICompilerCount                          = 3                                         {product} {ergonomic}
     uint ConcGCThreads                            = 1                                         {product} {ergonomic}
     uint G1ConcRefinementThreads                  = 4                                         {product} {ergonomic}
   size_t G1HeapRegionSize                         = 1048576                                   {product} {ergonomic}
    uintx GCDrainStackTargetSize                   = 64                                        {product} {ergonomic}
   size_t InitialHeapSize                          = 104857600                                 {product} {ergonomic}
   size_t MarkStackSize                            = 4194304                                   {product} {ergonomic}
   size_t MaxHeapSize                              = 2147483648                                {product} {command line}
   size_t MaxNewSize                               = 1287651328                                {product} {ergonomic}
   size_t MinHeapDeltaBytes                        = 1048576                                   {product} {ergonomic}
   size_t MinHeapSize                              = 8388608                                   {product} {ergonomic}
    uintx NonNMethodCodeHeapSize                   = 5832780                                {pd product} {ergonomic}
    uintx NonProfiledCodeHeapSize                  = 122912730                              {pd product} {ergonomic}
    uintx ProfiledCodeHeapSize                     = 122912730                              {pd product} {ergonomic}
    uintx ReservedCodeCacheSize                    = 251658240                              {pd product} {ergonomic}
     bool SegmentedCodeCache                       = true                                      {product} {ergonomic}
   size_t SoftMaxHeapSize                          = 2147483648                             {manageable} {ergonomic}
     bool UseCompressedClassPointers               = true                           {product lp64_product} {ergonomic}
     bool UseCompressedOops                        = true                           {product lp64_product} {ergonomic}
     bool UseG1GC                                  = true                                      {product} {ergonomic}
     bool UseLargePagesIndividualAllocation        = false                                  {pd product} {ergonomic}

Logging:
Log output configuration:
 #0: stdout all=warning uptime,level,tags
 #1: stderr all=off uptime,level,tags

Environment Variables:
PATH=C:\Program Files\Common Files\Siemens\Automation\Simatic OAM\bin;C:\ProgramData\Oracle\Java\javapath;C:\Windows\system32;C:\Windows;C:\Windows\System32\Wbem;C:\Windows\System32\WindowsPowerShell\v1.0\;C:\Windows\System32\OpenSSH\;C:\Program Files\Git\cmd;C:\Program Files (x86)\Microsoft SQL Server\Client SDK\ODBC\110\Tools\Binn\;C:\Program Files (x86)\Microsoft SQL Server\120\Tools\Binn\;C:\Program Files (x86)\Microsoft SQL Server\120\DTS\Binn\;C;C:\Program Files\MATLAB\R2022b\bin;C:\Users\Nicoll\AppData\Local\Programs\Python\Python311\Scripts\;C:\Users\Nicoll\AppData\Local\Programs\Python\Python311\;C:\Users\Nicoll\AppData\Local\Microsoft\WindowsApps;C:\intelFPGA_lite\20.1\modelsim_ase\win32aloem;
USERNAME=Nicoll
OS=Windows_NT
PROCESSOR_IDENTIFIER=AMD64 Family 22 Model 48 Stepping 1, AuthenticAMD
TMP=C:\Users\Nicoll\AppData\Local\Temp
TEMP=C:\Users\Nicoll\AppData\Local\Temp



---------------  S Y S T E M  ---------------

OS:
 Windows 10 , 64 bit Build 19041 (10.0.19041.2913)
OS uptime: 6 days 4:32 hours

CPU: total 4 (initial active 4) (4 cores per cpu, 1 threads per core) family 22 model 48 stepping 1 microcode 0x0, cx8, cmov, fxsr, mmx, 3dnowpref, sse, sse2, sse3, ssse3, sse4a, sse4.1, sse4.2, popcnt, lzcnt, tsc, tscinvbit, avx, aes, clmul, bmi1, vzeroupper, clflush

Memory: 4k page, system-wide physical 6376M (216M free)
TotalPageFile size 12376M (AvailPageFile size 4M)
current process WorkingSet (physical memory assigned to process): 374M, peak: 374M
current process commit charge ("private bytes"): 566M, peak: 569M

vm_info: OpenJDK 64-Bit Server VM (17.0.6+0-b2043.56-9586694) for windows-amd64 JRE (17.0.6+0-b2043.56-9586694), built on Feb  9 2023 20:06:20 by "androidbuild" with MS VC++ 16.10 / 16.11 (VS2019)

END.
